2026-02-23 17:01:38.6419|INFO|GadrocsWorkshop.Helios.HeliosInit|Helios Version 1.6.3605.0|
2026-02-23 17:01:38.6708|INFO|GadrocsWorkshop.Helios.FontManager|Loaded private font "Helios Virtual Cockpit A-10C_ALQ_213" for use in Helios|
2026-02-23 17:01:38.6868|INFO|GadrocsWorkshop.Helios.FontManager|Loaded private font "Helios Virtual Cockpit A-10C_ARC_164" for use in Helios|
2026-02-23 17:01:38.6868|INFO|GadrocsWorkshop.Helios.FontManager|Loaded private font "Helios Virtual Cockpit A-10C_Digital_Clock" for use in Helios|
2026-02-23 17:01:38.6868|INFO|GadrocsWorkshop.Helios.FontManager|Loaded private font "Helios Virtual Cockpit F-16C_Viper_DED" for use in Helios|
2026-02-23 17:01:38.6868|INFO|GadrocsWorkshop.Helios.FontManager|Loaded private font "Helios Virtual Cockpit F/A-18C Hornet IFEI" for use in Helios|
2026-02-23 17:01:38.6868|INFO|GadrocsWorkshop.Helios.FontManager|Loaded private font "Helios Virtual Cockpit F/A-18C_Hornet-Up_Front_Controller" for use in Helios|
2026-02-23 17:01:38.6868|INFO|GadrocsWorkshop.Helios.FontManager|Loaded private font "MS 33558 Regular" for use in Helios|
2026-02-23 17:01:38.9178|INFO|GadrocsWorkshop.Helios.LogManager|Helios 1.6.3605.0000
https://github.com/HeliosVirtualCockpit/Helios/|
2026-02-23 17:01:44.8484|INFO|GadrocsWorkshop.Helios.LogManager|New Helios version available; check Console for details|
2026-02-23 17:01:44.8951|INFO|GadrocsWorkshop.Helios.LogManager|Loading Profile...|
2026-02-23 17:01:44.9021|INFO|GadrocsWorkshop.Helios.DisplayManager|Helios has determined screen DPI is 96|
2026-02-23 17:01:44.9635|INFO|GadrocsWorkshop.Helios.HeliosProfile|Profile starting. (Name="F16")|
2026-02-23 17:01:44.9635|INFO|GadrocsWorkshop.Helios.HeliosProfile|Profile started. (Name="F16")|
2026-02-23 17:01:45.1428|INFO|GadrocsWorkshop.Helios.LogManager|Running Profile|
2026-02-23 17:05:47.9707|INFO|GadrocsWorkshop.Helios.LogManager|Stopping profile on exit.|
2026-02-23 17:05:47.9707|INFO|GadrocsWorkshop.Helios.HeliosProfile|Profile stopping. (Name="F16")|
2026-02-23 17:05:47.9707|INFO|GadrocsWorkshop.Helios.HeliosProfile|Profile stopped. (Name="F16")|
2026-02-23 17:05:47.9707|INFO|GadrocsWorkshop.Helios.LogManager|Unloading profile on exit.|
2026-02-23 17:05:47.9707|INFO|GadrocsWorkshop.Helios.LogManager|Saving control center window position.|
