2026-02-23 16:36:13.3390|INFO|GadrocsWorkshop.Helios.HeliosInit|Helios Version 1.6.3605.0|
2026-02-23 16:36:13.3885|INFO|GadrocsWorkshop.Helios.FontManager|Loaded private font "Helios Virtual Cockpit A-10C_ALQ_213" for use in Helios|
2026-02-23 16:36:13.3885|INFO|GadrocsWorkshop.Helios.FontManager|Loaded private font "Helios Virtual Cockpit A-10C_ARC_164" for use in Helios|
2026-02-23 16:36:13.3885|INFO|GadrocsWorkshop.Helios.FontManager|Loaded private font "Helios Virtual Cockpit A-10C_Digital_Clock" for use in Helios|
2026-02-23 16:36:13.3885|INFO|GadrocsWorkshop.Helios.FontManager|Loaded private font "Helios Virtual Cockpit F-16C_Viper_DED" for use in Helios|
2026-02-23 16:36:13.3885|INFO|GadrocsWorkshop.Helios.FontManager|Loaded private font "Helios Virtual Cockpit F/A-18C Hornet IFEI" for use in Helios|
2026-02-23 16:36:13.3885|INFO|GadrocsWorkshop.Helios.FontManager|Loaded private font "Helios Virtual Cockpit F/A-18C_Hornet-Up_Front_Controller" for use in Helios|
2026-02-23 16:36:13.3885|INFO|GadrocsWorkshop.Helios.FontManager|Loaded private font "MS 33558 Regular" for use in Helios|
2026-02-23 16:36:13.6280|INFO|GadrocsWorkshop.Helios.LogManager|Helios 1.6.3605.0000
https://github.com/HeliosVirtualCockpit/Helios/|
2026-02-23 16:36:19.4781|INFO|GadrocsWorkshop.Helios.LogManager|New Helios version available; check Console for details|
2026-02-23 16:36:41.4725|INFO|GadrocsWorkshop.Helios.LogManager|Loading Profile...|
2026-02-23 16:36:41.4825|INFO|GadrocsWorkshop.Helios.DisplayManager|Helios has determined screen DPI is 96|
2026-02-23 16:36:41.5425|INFO|GadrocsWorkshop.Helios.HeliosProfile|Profile starting. (Name="F16")|
2026-02-23 16:36:41.5425|INFO|GadrocsWorkshop.Helios.HeliosProfile|Profile started. (Name="F16")|
2026-02-23 16:36:41.7501|INFO|GadrocsWorkshop.Helios.LogManager|Running Profile|
2026-02-23 16:48:09.5582|INFO|GadrocsWorkshop.Helios.HeliosProfile|Profile stopping. (Name="F16")|
2026-02-23 16:48:09.5582|INFO|GadrocsWorkshop.Helios.HeliosProfile|Profile stopped. (Name="F16")|
2026-02-23 16:53:41.0257|INFO|GadrocsWorkshop.Helios.HeliosProfile|Profile starting. (Name="F16")|
2026-02-23 16:53:41.0267|INFO|GadrocsWorkshop.Helios.HeliosProfile|Profile started. (Name="F16")|
2026-02-23 16:53:41.2001|INFO|GadrocsWorkshop.Helios.LogManager|Running Profile|
2026-02-23 16:53:46.8056|INFO|GadrocsWorkshop.Helios.LogManager|Stopping profile on exit.|
2026-02-23 16:53:46.8056|INFO|GadrocsWorkshop.Helios.HeliosProfile|Profile stopping. (Name="F16")|
2026-02-23 16:53:46.8096|INFO|GadrocsWorkshop.Helios.HeliosProfile|Profile stopped. (Name="F16")|
2026-02-23 16:53:46.8096|INFO|GadrocsWorkshop.Helios.LogManager|Unloading profile on exit.|
2026-02-23 16:53:46.8096|INFO|GadrocsWorkshop.Helios.LogManager|Saving control center window position.|
