2026-02-23 20:39:23.7939|INFO|GadrocsWorkshop.Helios.HeliosInit|Helios Version 1.6.3605.0|
2026-02-23 20:39:23.8234|INFO|GadrocsWorkshop.Helios.FontManager|Loaded private font "Helios Virtual Cockpit A-10C_ALQ_213" for use in Helios|
2026-02-23 20:39:23.8234|INFO|GadrocsWorkshop.Helios.FontManager|Loaded private font "Helios Virtual Cockpit A-10C_ARC_164" for use in Helios|
2026-02-23 20:39:23.8234|INFO|GadrocsWorkshop.Helios.FontManager|Loaded private font "Helios Virtual Cockpit A-10C_Digital_Clock" for use in Helios|
2026-02-23 20:39:23.8234|INFO|GadrocsWorkshop.Helios.FontManager|Loaded private font "Helios Virtual Cockpit F-16C_Viper_DED" for use in Helios|
2026-02-23 20:39:23.8234|INFO|GadrocsWorkshop.Helios.FontManager|Loaded private font "Helios Virtual Cockpit F/A-18C Hornet IFEI" for use in Helios|
2026-02-23 20:39:23.8234|INFO|GadrocsWorkshop.Helios.FontManager|Loaded private font "Helios Virtual Cockpit F/A-18C_Hornet-Up_Front_Controller" for use in Helios|
2026-02-23 20:39:23.8234|INFO|GadrocsWorkshop.Helios.FontManager|Loaded private font "MS 33558 Regular" for use in Helios|
2026-02-23 20:39:24.0582|INFO|GadrocsWorkshop.Helios.LogManager|Helios 1.6.3605.0000
https://github.com/HeliosVirtualCockpit/Helios/|
2026-02-23 20:39:33.9595|INFO|GadrocsWorkshop.Helios.LogManager|Loading Profile...|
2026-02-23 20:39:33.9635|INFO|GadrocsWorkshop.Helios.DisplayManager|Helios has determined screen DPI is 96|
2026-02-23 20:39:34.0460|INFO|GadrocsWorkshop.Helios.LogManager|Selected Falcon interface driver is 'BMS' version 'Falcon BMS 4.38'|
2026-02-23 20:39:34.0460|INFO|GadrocsWorkshop.Helios.LogManager|The key file configured in this profile is 'D:\Falcon BMS 4.38\User\Config\BMS - Full.key'
|
2026-02-23 20:39:34.0460|INFO|GadrocsWorkshop.Helios.LogManager|RTT configuration at d:\Falcon BMS 4.38\Tools\RTTRemote\RTTClient.ini is up to date|
2026-02-23 20:39:34.0460|INFO|GadrocsWorkshop.Helios.HeliosProfile|Profile starting. (Name="F16")|
2026-02-23 20:39:34.0460|INFO|GadrocsWorkshop.Helios.Interfaces.Falcon.Interfaces.RTT.ConfigGenerator|RTT configuration at "d:\Falcon BMS 4.38\Tools\RTTRemote\RTTClient.ini" is up to date|
2026-02-23 20:39:34.0460|INFO|GadrocsWorkshop.Helios.Interfaces.Falcon.Interfaces.RTT.ProcessControl|launching RTT client: RTTClient64.exe|
2026-02-23 20:39:34.0865|INFO|GadrocsWorkshop.Helios.HeliosProfile|Profile started. (Name="F16")|
2026-02-23 20:39:34.2958|INFO|GadrocsWorkshop.Helios.LogManager|Running Profile|
2026-02-23 20:51:34.5278|INFO|GadrocsWorkshop.Helios.LogManager|Stopping profile on exit.|
2026-02-23 20:51:34.5278|INFO|GadrocsWorkshop.Helios.HeliosProfile|Profile stopping. (Name="F16")|
2026-02-23 20:51:34.5278|INFO|GadrocsWorkshop.Helios.Interfaces.Falcon.Interfaces.RTT.ProcessControl|Killing process image name "RTTClient64"|
2026-02-23 20:51:34.5278|INFO|GadrocsWorkshop.Helios.HeliosProfile|Profile stopped. (Name="F16")|
2026-02-23 20:51:34.5278|INFO|GadrocsWorkshop.Helios.LogManager|Unloading profile on exit.|
2026-02-23 20:51:34.5440|INFO|GadrocsWorkshop.Helios.LogManager|Saving control center window position.|
