2026-03-05 20:32:02.8315|INFO|GadrocsWorkshop.Helios.HeliosInit|Helios Version 1.6.6170.3|
2026-03-05 20:32:02.8595|INFO|GadrocsWorkshop.Helios.FontManager|Loaded private font "Helios Virtual Cockpit A-10C_ALQ_213" for use in Helios|
2026-03-05 20:32:02.8785|INFO|GadrocsWorkshop.Helios.FontManager|Loaded private font "Helios Virtual Cockpit A-10C_ARC_164" for use in Helios|
2026-03-05 20:32:02.8785|INFO|GadrocsWorkshop.Helios.FontManager|Loaded private font "Helios Virtual Cockpit A-10C_Digital_Clock" for use in Helios|
2026-03-05 20:32:02.8785|INFO|GadrocsWorkshop.Helios.FontManager|Loaded private font "AH-64D-CMWS Regular" for use in Helios|
2026-03-05 20:32:02.8785|INFO|GadrocsWorkshop.Helios.FontManager|Loaded private font "AH-64D-KU Regular" for use in Helios|
2026-03-05 20:32:02.8785|INFO|GadrocsWorkshop.Helios.FontManager|Loaded private font "Helios Virtual Cockpit APN209 LED" for use in Helios|
2026-03-05 20:32:02.8785|INFO|GadrocsWorkshop.Helios.FontManager|Loaded private font "DSEG14 Classic Regular" for use in Helios|
2026-03-05 20:32:02.8785|INFO|GadrocsWorkshop.Helios.FontManager|Loaded private font "DSEG7 Classic Regular" for use in Helios|
2026-03-05 20:32:02.8785|INFO|GadrocsWorkshop.Helios.FontManager|Loaded private font "Helios Virtual Cockpit F-15E_Up_Front_Controller" for use in Helios|
2026-03-05 20:32:02.8785|INFO|GadrocsWorkshop.Helios.FontManager|Loaded private font "Helios Virtual Cockpit F-16C_Viper_DED" for use in Helios|
2026-03-05 20:32:02.8785|INFO|GadrocsWorkshop.Helios.FontManager|Loaded private font "Helios Virtual Cockpit F/A-18C Hornet IFEI" for use in Helios|
2026-03-05 20:32:02.8785|INFO|GadrocsWorkshop.Helios.FontManager|Loaded private font "Helios Virtual Cockpit F/A-18C_Hornet-Up_Front_Controller" for use in Helios|
2026-03-05 20:32:02.8785|INFO|GadrocsWorkshop.Helios.FontManager|Loaded private font "Helios Virtual Cockpit A-10C_ARC-210_Large" for use in Helios|
2026-03-05 20:32:02.8785|INFO|GadrocsWorkshop.Helios.FontManager|Loaded private font "Helios Virtual Cockpit A-10C_ARC-210_Small" for use in Helios|
2026-03-05 20:32:02.8785|INFO|GadrocsWorkshop.Helios.FontManager|Loaded private font "Helios Virtual Cockpit 2000C_PCA_16_Segment" for use in Helios|
2026-03-05 20:32:02.8785|INFO|GadrocsWorkshop.Helios.FontManager|Loaded private font "LED Counter 7 Regular" for use in Helios|
2026-03-05 20:32:02.8785|INFO|GadrocsWorkshop.Helios.FontManager|Loaded private font "MS 33558 Regular" for use in Helios|
2026-03-05 20:32:03.3279|INFO|GadrocsWorkshop.Helios.LogManager|Helios 1.6.6170.0003
https://github.com/HeliosVirtualCockpit/Helios/|
2026-03-05 20:32:30.7566|INFO|GadrocsWorkshop.Helios.LogManager|Loading Profile...|
2026-03-05 20:32:30.7676|INFO|GadrocsWorkshop.Helios.DisplayManager|Helios has determined screen DPI is 96|
2026-03-05 20:32:30.8335|INFO|GadrocsWorkshop.Helios.DisplayManager|Helios has determined screen DPI is 96|
2026-03-05 20:32:31.0971|INFO|GadrocsWorkshop.Helios.ImageManager|Load for Image {Helios}/Gauges/KA-50/RadarAltimeter/radar_alt_needle.xaml is being redirected to {Ka-50}/Gauges/RadarAltimeter/radar_alt_needle.xaml|
2026-03-05 20:32:31.0971|INFO|GadrocsWorkshop.Helios.ImageManager|Load for Image {Helios}/Gauges/KA-50/RadarAltimeter/radar_alt_faceplate.xaml is being redirected to {Ka-50}/Gauges/RadarAltimeter/radar_alt_faceplate.xaml|
2026-03-05 20:32:31.2630|INFO|GadrocsWorkshop.Helios.DisplayManager|Helios has determined screen DPI is 96|
2026-03-05 20:32:31.2650|INFO|GadrocsWorkshop.Helios.DisplayManager|Helios has determined screen DPI is 96|
2026-03-05 20:32:31.2850|INFO|GadrocsWorkshop.Helios.DisplayManager|Helios has determined screen DPI is 96|
2026-03-05 20:32:31.9240|INFO|GadrocsWorkshop.Helios.ImageManager|Load for Image {Helios}/Images/F-16/ded-box.png is being redirected to {F-16C}/Images/ded-box.png|
2026-03-05 20:32:31.9811|INFO|GadrocsWorkshop.Helios.DisplayManager|Helios has determined screen DPI is 96|
2026-03-05 20:32:31.9811|INFO|GadrocsWorkshop.Helios.DisplayManager|Helios has determined screen DPI is 96|
2026-03-05 20:32:31.9831|INFO|GadrocsWorkshop.Helios.DisplayManager|Helios has determined screen DPI is 96|
2026-03-05 20:32:32.3657|INFO|GadrocsWorkshop.Helios.LogManager|Preflight check is disabled.  Helios will not be able to ensure configuration is correct.|
2026-03-05 20:32:32.3657|INFO|GadrocsWorkshop.Helios.HeliosProfile|Profile starting. (Name="Ice's Falcon BMS 4.38")|
2026-03-05 20:32:32.3778|INFO|GadrocsWorkshop.Helios.HeliosBinding|"InfoOnce" Binding when Profile Started set physical state on Button COMMS ATC to  true (from 'Interface 'Profile'' to 'Monitor 2.Panel FRONT CONSOLE.Panel RADIO COMMS.Button COMMS ATC') triggered with value ""|
2026-03-05 20:32:32.3778|INFO|GadrocsWorkshop.Helios.HeliosBinding|"InfoOnce" Binding when Button COMMS ATC closed set hidden on Panel ATC COMMS MENU to  false (from 'Monitor 2.Panel FRONT CONSOLE.Panel RADIO COMMS.Button COMMS ATC' to 'Monitor 2.Panel FRONT CONSOLE.Panel RADIO COMMS.Panel ATC COMMS MENU') triggered with value "1"|
2026-03-05 20:32:32.3778|INFO|GadrocsWorkshop.Helios.HeliosBinding|"InfoOnce" Binding when Button PANEL 01 pushed push Button RESET (from 'Monitor 2.Panel FRONT CONSOLE.Panel CHARTS.Panel CHECKLISTS.Panel CHECKLIST 01 MAIN.Panel CENTRE.Button PANEL 01' to 'Monitor 2.Panel FRONT CONSOLE.Panel CHARTS.Panel CHECKLISTS.Panel CHECKLIST 01 MAIN.Panel CENTRE.Button RESET') triggered with value "1"|
2026-03-05 20:32:32.3968|INFO|GadrocsWorkshop.Helios.HeliosBinding|"InfoOnce" Binding when Boolean Signal on MemoryWire RTT ENABLED IN SETTINGS FILE changes set hidden on Panel MFD TEXTURES to  trigger value (from 'Monitor 2.Panel BACKGROUND.MemoryWire RTT ENABLED IN SETTINGS FILE' to 'Monitor 2.Panel ZOOMED CONSOLE.Panel ZOOMED MFD.Panel MFD TEXTURES') triggered with value "0"|
2026-03-05 20:32:32.3968|INFO|GadrocsWorkshop.Helios.HeliosBinding|"InfoOnce" Binding when position on Rotary KNEEBOARDS changes set hidden on Panel KNEEBOARDS BUTTON AUTO to  true (from 'Monitor 2.Panel FRONT CONSOLE.Panel SYSTEM.Rotary KNEEBOARDS' to 'Monitor 2.Panel FRONT CONSOLE.Panel KNEEBOARDS BUTTON AUTO') triggered with value "1"|
2026-03-05 20:32:32.3968|INFO|GadrocsWorkshop.Helios.HeliosBinding|"InfoOnce" Binding when position 1 on Rotary KNEEBOARDS entered set hidden on Panel KNEEBOARDS BUTTON AUTO to  false (from 'Monitor 2.Panel FRONT CONSOLE.Panel SYSTEM.Rotary KNEEBOARDS' to 'Monitor 2.Panel FRONT CONSOLE.Panel KNEEBOARDS BUTTON AUTO') triggered with value ""|
2026-03-05 20:32:32.7249|INFO|GadrocsWorkshop.Helios.HeliosProcessControl.ProcessControlInterface|Error caught launching external application (path="C:\Bin\AutoDataUpdate.exe").  This is very likely to be due to a missing program, missing file, or incorrect permissions on what has been specified on the lauinch action.|System.ComponentModel.Win32Exception
The operation was canceled by the user
   at System.Diagnostics.Process.StartWithShellExecuteEx(ProcessStartInfo startInfo)
   at System.Diagnostics.Process.Start(ProcessStartInfo startInfo)
   at GadrocsWorkshop.Helios.HeliosProcessControl.ProcessControlInterface.LaunchApplication_Execute(Object action, HeliosActionEventArgs e, Boolean windowHidden)
2026-03-05 20:32:32.8729|INFO|GadrocsWorkshop.Helios.HeliosProcessControl.ProcessControlInterface|Error caught launching external application (path="C:\Bin\AutoCPDUpdate.exe").  This is very likely to be due to a missing program, missing file, or incorrect permissions on what has been specified on the lauinch action.|System.ComponentModel.Win32Exception
The operation was canceled by the user
   at System.Diagnostics.Process.StartWithShellExecuteEx(ProcessStartInfo startInfo)
   at System.Diagnostics.Process.Start(ProcessStartInfo startInfo)
   at GadrocsWorkshop.Helios.HeliosProcessControl.ProcessControlInterface.LaunchApplication_Execute(Object action, HeliosActionEventArgs e, Boolean windowHidden)
2026-03-05 20:32:32.8749|INFO|GadrocsWorkshop.Helios.Interfaces.Falcon.Interfaces.RTT.ConfigGenerator|RTT configuration at "d:\Falcon BMS 4.38\Tools\RTTRemote\RTTClient.ini" is up to date|
2026-03-05 20:32:32.8749|INFO|GadrocsWorkshop.Helios.Interfaces.Falcon.Interfaces.RTT.ProcessControl|launching RTT client: RTTClient64.exe|
2026-03-05 20:32:32.8749|INFO|GadrocsWorkshop.Helios.HeliosProfile|Profile started. (Name="Ice's Falcon BMS 4.38")|
2026-03-05 20:32:38.1118|INFO|GadrocsWorkshop.Helios.LogManager|Running Profile|
2026-03-05 20:32:38.1982|INFO|GadrocsWorkshop.Helios.HeliosBinding|"InfoOnce" Binding when Runtime Current Theater on Falcon changes set position on Rotary CHARTS SELECTOR to  script results (from 'Interface 'Falcon'' to 'Monitor 2.Panel FRONT CONSOLE.Panel CHARTS.Rotary CHARTS SELECTOR') triggered with value "Korea KTO"|
2026-03-05 20:32:38.1982|INFO|GadrocsWorkshop.Helios.HeliosBinding|"InfoOnce" Binding when Helios Version Helios Version on Helios Information changes set Text Signal on MemoryWire VERSION CHECK to  trigger value (from 'Interface 'Helios Information'' to 'Monitor 2.Panel VERSION CHECK 1.MemoryWire VERSION CHECK') triggered with value "1.6.6170.0003"|
2026-03-05 20:32:38.1982|INFO|GadrocsWorkshop.Helios.HeliosBinding|"InfoOnce" Binding when Text Signal on MemoryWire VERSION CHECK changes set position on Rotary VERSION CHECK to  script results (from 'Monitor 2.Panel VERSION CHECK 1.MemoryWire VERSION CHECK' to 'Monitor 2.Panel VERSION CHECK 1.Rotary VERSION CHECK') triggered with value "1.6.6170.0003"|
2026-03-05 20:32:38.1982|INFO|GadrocsWorkshop.Helios.HeliosBinding|"InfoOnce" Binding when position 2 on Rotary VERSION CHECK entered set hidden on Panel VERSION CHECK 1 to  true (from 'Monitor 2.Panel VERSION CHECK 1.Rotary VERSION CHECK' to 'Monitor 2.Panel VERSION CHECK 1') triggered with value ""|
2026-03-05 20:35:57.6063|INFO|GadrocsWorkshop.Helios.HeliosBinding|"InfoOnce" Binding when Runtime Flying on Falcon changes set hidden on Panel MAPS BUTTONS to  script results (from 'Interface 'Falcon'' to 'Monitor 2.Panel FRONT CONSOLE.Panel CENTER PEDESTAL DISPLAY.Panel MAPS.Panel MAPS BUTTONS') triggered with value "1"|
2026-03-05 20:35:57.6083|INFO|GadrocsWorkshop.Helios.HeliosBinding|"InfoOnce" Binding when Runtime Flight Start Mode on Falcon changes set Numeric Signal on MemoryWire START MODE to  script results (from 'Interface 'Falcon'' to 'Monitor 2.Panel BACKGROUND.MemoryWire START MODE') triggered with value "3"|
2026-03-05 20:35:57.6083|INFO|GadrocsWorkshop.Helios.HeliosBinding|"InfoOnce" Binding when Numeric Signal on MemoryWire START MODE changes set position on Rotary START MODE to  trigger value (from 'Monitor 2.Panel BACKGROUND.MemoryWire START MODE' to 'Monitor 2.Panel BACKGROUND.Rotary START MODE') triggered with value "3"|
2026-03-05 20:35:57.6083|INFO|GadrocsWorkshop.Helios.HeliosBinding|"InfoOnce" Binding when position 3 on Rotary START MODE entered push Button AIR START (from 'Monitor 2.Panel BACKGROUND.Rotary START MODE' to 'Monitor 2.Panel BACKGROUND.Button AIR START') triggered with value ""|
2026-03-05 20:35:57.6083|INFO|GadrocsWorkshop.Helios.HeliosBinding|"InfoOnce" Binding when position 5 on Knob HMCS entered send SimHmsOn callback for falcon. (from 'Monitor 2.Panel FRONT CONSOLE.Panel AUXILIARY PANEL.Panel HMCS AUXILIARY.Knob HMCS' to 'Interface 'Falcon'') triggered with value ""|
2026-03-05 20:35:57.6244|INFO|GadrocsWorkshop.Helios.HeliosBinding|"InfoOnce" Binding when position one on 2Toggle OXYGEN REGULATOR entered send SimOxySupplyOn callback for falcon. (from 'Monitor 2.Panel COMBINED CONSOLE.2Toggle OXYGEN REGULATOR' to 'Interface 'Falcon'') triggered with value ""|
2026-03-05 20:35:57.6244|INFO|GadrocsWorkshop.Helios.HeliosBinding|"InfoOnce" Binding when ADI pitch on Falcon changes set Tape Vertical Offset on Tape ADI to  trigger value (from 'Interface 'Falcon'' to 'Monitor 2.Panel FRONT CONSOLE.Panel CENTER PEDESTAL DISPLAY.Panel DATA.Tape ADI') triggered with value "0.0276466012001038"|
2026-03-05 20:35:57.6244|INFO|GadrocsWorkshop.Helios.HeliosBinding|"InfoOnce" Binding when ADI roll on Falcon changes set Tape Rotation on Tape ADI to  trigger value (from 'Interface 'Falcon'' to 'Monitor 2.Panel FRONT CONSOLE.Panel CENTER PEDESTAL DISPLAY.Panel DATA.Tape ADI') triggered with value "7.44236561267542E-10"|
2026-03-05 20:35:57.6244|INFO|GadrocsWorkshop.Helios.HeliosBinding|"InfoOnce" Binding when ADI ils horizontal on Falcon changes set Tape Horizontal Offset on Tape LOCALIZER BAR to  script results (from 'Interface 'Falcon'' to 'Monitor 2.Panel FRONT CONSOLE.Panel CENTER PEDESTAL DISPLAY.Panel DATA.Panel ILS.Panel LOCALIZER BAR.Tape LOCALIZER BAR') triggered with value "-1.06981313228607"|
2026-03-05 20:35:57.6244|INFO|GadrocsWorkshop.Helios.HeliosBinding|"InfoOnce" Binding when ADI ils vertical on Falcon changes set hidden on Tape GLIDESLOPE MARKERS to  script results (from 'Interface 'Falcon'' to 'Monitor 2.Panel FRONT CONSOLE.Panel CENTER PEDESTAL DISPLAY.Panel DATA.Panel ILS.Panel GLIDESLOPE BAR.Tape GLIDESLOPE MARKERS') triggered with value "-1.06981313228607"|
2026-03-05 20:35:57.6244|INFO|GadrocsWorkshop.Helios.HeliosBinding|"InfoOnce" Binding when VVI vertical velocity on Falcon changes set Tape Vertical Offset on Tape VVI to  script results (from 'Interface 'Falcon'' to 'Monitor 2.Panel FRONT CONSOLE.Panel CENTER PEDESTAL DISPLAY.Panel DATA.Panel VVI.Tape VVI') triggered with value "-2.16122937202454"|
2026-03-05 20:35:57.6244|INFO|GadrocsWorkshop.Helios.HeliosBinding|"InfoOnce" Binding when AOA angle of attack on Falcon changes set Tape Vertical Offset on Tape FLIGHT PATH MARKER DAY to  trigger value (from 'Interface 'Falcon'' to 'Monitor 2.Panel FRONT CONSOLE.Panel CENTER PEDESTAL DISPLAY.Panel DATA.Tape FLIGHT PATH MARKER DAY') triggered with value "1.34303092956543"|
2026-03-05 20:35:57.6244|INFO|GadrocsWorkshop.Helios.HeliosBinding|"InfoOnce" Binding when IAS mach on Falcon changes set Text on Label MACH to  script results (from 'Interface 'Falcon'' to 'Monitor 2.Panel FRONT CONSOLE.Panel CENTER PEDESTAL DISPLAY.Panel DATA.Label MACH') triggered with value "0.899096786975861"|
2026-03-05 20:35:57.6244|INFO|GadrocsWorkshop.Helios.HeliosBinding|"InfoOnce" Binding when IAS indicated air speed on Falcon changes set Text on Label CALIBRATED AIRSPEED to  script results (from 'Interface 'Falcon'' to 'Monitor 2.Panel FRONT CONSOLE.Panel CENTER PEDESTAL DISPLAY.Panel DATA.Panel AIRSPEED.Label CALIBRATED AIRSPEED') triggered with value "450.495178222656"|
2026-03-05 20:35:57.6394|INFO|GadrocsWorkshop.Helios.HeliosBinding|"InfoOnce" Binding when IAS true air speed on Falcon changes set Text on Label TRUE AIR SPEED to  script results (from 'Interface 'Falcon'' to 'Monitor 2.Panel FRONT CONSOLE.Panel CENTER PEDESTAL DISPLAY.Panel DATA.Label TRUE AIR SPEED') triggered with value "926.227905273438"|
2026-03-05 20:35:57.6394|INFO|GadrocsWorkshop.Helios.HeliosBinding|"InfoOnce" Binding when General Gs on Falcon changes set Text on Label CURRENT G FORCE to  script results (from 'Interface 'Falcon'' to 'Monitor 2.Panel FRONT CONSOLE.Panel CENTER PEDESTAL DISPLAY.Panel DATA.Label CURRENT G FORCE') triggered with value "0.923499763011932"|
2026-03-05 20:35:57.6394|INFO|GadrocsWorkshop.Helios.HeliosBinding|"InfoOnce" Binding when General speed brake position on Falcon changes set Drum tape offset on Drum SPEEDBRAKE to  trigger value (from 'Interface 'Falcon'' to 'Monitor 2.Panel FRONT CONSOLE.Panel LANDING GEAR.Drum SPEEDBRAKE') triggered with value "0"|
2026-03-05 20:35:57.6394|INFO|GadrocsWorkshop.Helios.HeliosBinding|"InfoOnce" Binding when Fuel internal fuel on Falcon changes set Text on Label FUEL INTERNAL to  script results (from 'Interface 'Falcon'' to 'Monitor 2.Panel FRONT CONSOLE.Panel CENTER PEDESTAL DISPLAY.Panel FUEL.Label FUEL INTERNAL') triggered with value "7161.984375"|
2026-03-05 20:35:57.6394|INFO|GadrocsWorkshop.Helios.HeliosBinding|"InfoOnce" Binding when Fuel external fuel on Falcon changes set Text on Label FUEL EXTERNAL to  script results (from 'Interface 'Falcon'' to 'Monitor 2.Panel FRONT CONSOLE.Panel CENTER PEDESTAL DISPLAY.Panel FUEL.Label FUEL EXTERNAL') triggered with value "0"|
2026-03-05 20:35:57.6394|INFO|GadrocsWorkshop.Helios.HeliosBinding|"InfoOnce" Binding when Engine fuel flow on Falcon changes set Text on Label FUEL FLOW to  script results (from 'Interface 'Falcon'' to 'Monitor 2.Panel FRONT CONSOLE.Panel CENTER PEDESTAL DISPLAY.Panel FUEL.Label FUEL FLOW') triggered with value "68.5723266601563"|
2026-03-05 20:35:57.6394|INFO|GadrocsWorkshop.Helios.HeliosBinding|"InfoOnce" Binding when Landging Gear position on Falcon changes set position on 2Toggle LANDING GEAR HANDLE to  script results (from 'Interface 'Falcon'' to 'Monitor 2.Panel FRONT CONSOLE.Panel LANDING GEAR.2Toggle LANDING GEAR HANDLE') triggered with value "0"|
2026-03-05 20:35:57.6394|INFO|GadrocsWorkshop.Helios.HeliosBinding|"InfoOnce" Binding when CMDS chaff remaining on Falcon changes set Text on Label CHAFF to  script results (from 'Interface 'Falcon'' to 'Monitor 2.Panel FRONT CONSOLE.Panel CMDS.Label CHAFF') triggered with value "60"|
2026-03-05 20:35:57.6394|INFO|GadrocsWorkshop.Helios.HeliosBinding|"InfoOnce" Binding when CMDS flares remaining on Falcon changes set Text on Label FLARE to  script results (from 'Interface 'Falcon'' to 'Monitor 2.Panel FRONT CONSOLE.Panel CMDS.Label FLARE') triggered with value "30"|
2026-03-05 20:35:57.6394|INFO|GadrocsWorkshop.Helios.HeliosBinding|"InfoOnce" Binding when Trim roll trim on Falcon changes set value on Gauge ROLL TRIM to  trigger value (from 'Interface 'Falcon'' to 'Monitor 2.Panel FRONT CONSOLE.Panel ROLL TRIM.Gauge ROLL TRIM') triggered with value "0"|
2026-03-05 20:35:57.6394|INFO|GadrocsWorkshop.Helios.HeliosBinding|"InfoOnce" Binding when Trim pitch trim on Falcon changes set value on Gauge PITCH TRIM to  trigger value (from 'Interface 'Falcon'' to 'Monitor 2.Panel FRONT CONSOLE.Panel PITCH TRIM.Gauge PITCH TRIM') triggered with value "0"|
2026-03-05 20:35:57.6394|INFO|GadrocsWorkshop.Helios.HeliosBinding|"InfoOnce" Binding when Trim yaw trim on Falcon changes set value on Gauge TRIM YAW to  trigger value (from 'Interface 'Falcon'' to 'Monitor 2.Panel COMBINED CONSOLE.Panel MANUAL TRIM.Gauge TRIM YAW') triggered with value "0"|
2026-03-05 20:35:57.6394|INFO|GadrocsWorkshop.Helios.HeliosBinding|"InfoOnce" Binding when Fuel fwd fuel on Falcon changes set Text on Label FUEL FWD RIGHT to  script results (from 'Interface 'Falcon'' to 'Monitor 2.Panel FRONT CONSOLE.Panel CENTER PEDESTAL DISPLAY.Panel FUEL.Label FUEL FWD RIGHT') triggered with value "4014.74365234375"|
2026-03-05 20:35:57.6394|INFO|GadrocsWorkshop.Helios.HeliosBinding|"InfoOnce" Binding when Fuel aft fuel on Falcon changes set Text on Label FUEL AFT LEFT to  script results (from 'Interface 'Falcon'' to 'Monitor 2.Panel FRONT CONSOLE.Panel CENTER PEDESTAL DISPLAY.Panel FUEL.Label FUEL AFT LEFT') triggered with value "3484.30419921875"|
2026-03-05 20:35:57.6394|INFO|GadrocsWorkshop.Helios.HeliosBinding|"InfoOnce" Binding when Fuel total fuel on Falcon changes set Text on Label FUEL TOTAL to  script results (from 'Interface 'Falcon'' to 'Monitor 2.Panel FRONT CONSOLE.Panel CENTER PEDESTAL DISPLAY.Panel FUEL.Label FUEL TOTAL') triggered with value "7200"|
2026-03-05 20:35:57.6394|INFO|GadrocsWorkshop.Helios.HeliosBinding|"InfoOnce" Binding when Tacan aux tacan chan on Falcon changes set Drum tape offset on Drum TCN X00 to  script results (from 'Interface 'Falcon'' to 'Monitor 2.Panel COMBINED CONSOLE.Panel AUX COMM.Panel TACAN DISPLAY.Drum TCN X00') triggered with value "106"|
2026-03-05 20:35:57.6394|INFO|GadrocsWorkshop.Helios.HeliosBinding|"InfoOnce" Binding when Ownship ground speed on Falcon changes set Text on Label GROUND SPEED to  script results (from 'Interface 'Falcon'' to 'Monitor 2.Panel FRONT CONSOLE.Panel CENTER PEDESTAL DISPLAY.Panel DATA.Label GROUND SPEED') triggered with value "570.445495605469"|
2026-03-05 20:35:57.6394|INFO|GadrocsWorkshop.Helios.HeliosBinding|"InfoOnce" Binding when ADI ils vertical to flight path on Falcon changes set Tape Vertical Offset on Tape GLIDESLOPE BAR to  script results (from 'Interface 'Falcon'' to 'Monitor 2.Panel FRONT CONSOLE.Panel CENTER PEDESTAL DISPLAY.Panel DATA.Panel ILS.Panel GLIDESLOPE BAR.Tape GLIDESLOPE BAR') triggered with value "-1.07317066192627"|
2026-03-05 20:35:57.6394|INFO|GadrocsWorkshop.Helios.HeliosBinding|"InfoOnce" Binding when Altimeter indicated altitude on Falcon changes set Tape Vertical Offset on Tape ALTITUDE to  trigger value (from 'Interface 'Falcon'' to 'Monitor 2.Panel FRONT CONSOLE.Panel CENTER PEDESTAL DISPLAY.Panel DATA.Panel ALTITUDE.Tape ALTITUDE') triggered with value "16635.40234375"|
2026-03-05 20:35:57.6394|INFO|GadrocsWorkshop.Helios.HeliosBinding|"InfoOnce" Binding when Altimeter barimetric pressure on Falcon changes set Text on Label ALTIMETER PRESSURE mb to  script results (from 'Interface 'Falcon'' to 'Monitor 2.Panel FRONT CONSOLE.Panel CENTER PEDESTAL DISPLAY.Panel DATA.Label ALTIMETER PRESSURE mb') triggered with value "2991"|
2026-03-05 20:35:57.6394|INFO|GadrocsWorkshop.Helios.HeliosBinding|"InfoOnce" Binding when HSI nav mode on Falcon changes set hidden on Panel ILS to  script results (from 'Interface 'Falcon'' to 'Monitor 2.Panel FRONT CONSOLE.Panel CENTER PEDESTAL DISPLAY.Panel DATA.Panel ILS') triggered with value "2"|
2026-03-05 20:35:57.6394|INFO|GadrocsWorkshop.Helios.HeliosBinding|"InfoOnce" Binding when Tacan aux tacan band on Falcon changes set Drum tape offset on Drum TCN XY to  trigger value (from 'Interface 'Falcon'' to 'Monitor 2.Panel COMBINED CONSOLE.Panel AUX COMM.Panel TACAN DISPLAY.Drum TCN XY') triggered with value "1"|
2026-03-05 20:35:57.6394|INFO|GadrocsWorkshop.Helios.HeliosBinding|"InfoOnce" Binding when UHF Backup channel on Falcon changes set Drum tape offset on Drum CHANNEL DIGIT 1 to  script results (from 'Interface 'Falcon'' to 'Monitor 2.Panel COMBINED CONSOLE.Panel UHF DISPLAY.Drum CHANNEL DIGIT 1') triggered with value "6"|
2026-03-05 20:35:57.6394|INFO|GadrocsWorkshop.Helios.HeliosBinding|"InfoOnce" Binding when UHF Backup frequency digit 1 on Falcon changes set Drum tape offset on Drum UHF X00 000 to  trigger value (from 'Interface 'Falcon'' to 'Monitor 2.Panel COMBINED CONSOLE.Panel UHF DISPLAY.Drum UHF X00 000') triggered with value "2"|
2026-03-05 20:35:57.6394|INFO|GadrocsWorkshop.Helios.HeliosBinding|"InfoOnce" Binding when UHF Backup frequency digit 2 on Falcon changes set Drum tape offset on Drum UHF 0X0 000 to  trigger value (from 'Interface 'Falcon'' to 'Monitor 2.Panel COMBINED CONSOLE.Panel UHF DISPLAY.Drum UHF 0X0 000') triggered with value "2"|
2026-03-05 20:35:57.6394|INFO|GadrocsWorkshop.Helios.HeliosBinding|"InfoOnce" Binding when UHF Backup frequency digit 3 on Falcon changes set Drum tape offset on Drum UHF 00X 000 to  trigger value (from 'Interface 'Falcon'' to 'Monitor 2.Panel COMBINED CONSOLE.Panel UHF DISPLAY.Drum UHF 00X 000') triggered with value "5"|
2026-03-05 20:35:57.6394|INFO|GadrocsWorkshop.Helios.HeliosBinding|"InfoOnce" Binding when UHF Backup frequency digit 4 on Falcon changes set Drum tape offset on Drum UHF 000 X00 to  trigger value (from 'Interface 'Falcon'' to 'Monitor 2.Panel COMBINED CONSOLE.Panel UHF DISPLAY.Drum UHF 000 X00') triggered with value "0"|
2026-03-05 20:35:57.6394|INFO|GadrocsWorkshop.Helios.HeliosBinding|"InfoOnce" Binding when UHF Backup frequency digit 5,6 on Falcon changes set Drum tape offset on Drum UHF 000 0X0 to  script results (from 'Interface 'Falcon'' to 'Monitor 2.Panel COMBINED CONSOLE.Panel UHF DISPLAY.Drum UHF 000 0X0') triggered with value "0"|
2026-03-05 20:35:57.6394|INFO|GadrocsWorkshop.Helios.HeliosBinding|"InfoOnce" Binding when Lighting instrument backlight on Falcon changes set Numeric Signal on MemoryWire BACKLIGHT OPACITY to  script results (from 'Interface 'Falcon'' to 'Monitor 2.Panel BACKGROUND.MemoryWire BACKLIGHT OPACITY') triggered with value "2"|
2026-03-05 20:35:57.6394|INFO|GadrocsWorkshop.Helios.HeliosBinding|"InfoOnce" Binding when Lighting console floodlight on Falcon changes set position on Rotary LIGHTING FLOOD CONSOLES to  script results (from 'Interface 'Falcon'' to 'Monitor 2.Panel COMBINED CONSOLE.Rotary LIGHTING FLOOD CONSOLES') triggered with value "0"|
2026-03-05 20:35:57.6394|INFO|GadrocsWorkshop.Helios.HeliosBinding|"InfoOnce" Binding when IFF backup mode 1 digit 1 on Falcon changes set Drum tape offset on Drum MODE 1 1 to  trigger value (from 'Interface 'Falcon'' to 'Monitor 2.Panel COMBINED CONSOLE.Panel IFF.Drum MODE 1 1') triggered with value "0"|
2026-03-05 20:35:57.6394|INFO|GadrocsWorkshop.Helios.HeliosBinding|"InfoOnce" Binding when IFF backup mode 1 digit 2 on Falcon changes set Drum tape offset on Drum MODE 1 2 to  trigger value (from 'Interface 'Falcon'' to 'Monitor 2.Panel COMBINED CONSOLE.Panel IFF.Drum MODE 1 2') triggered with value "0"|
2026-03-05 20:35:57.6394|INFO|GadrocsWorkshop.Helios.HeliosBinding|"InfoOnce" Binding when IFF backup mode 3 digit 1 on Falcon changes set Drum tape offset on Drum MODE 3 1 to  trigger value (from 'Interface 'Falcon'' to 'Monitor 2.Panel COMBINED CONSOLE.Panel IFF.Drum MODE 3 1') triggered with value "1"|
2026-03-05 20:35:57.6394|INFO|GadrocsWorkshop.Helios.HeliosBinding|"InfoOnce" Binding when IFF backup mode 3 digit 2 on Falcon changes set Drum tape offset on Drum MODE 3 2 to  trigger value (from 'Interface 'Falcon'' to 'Monitor 2.Panel COMBINED CONSOLE.Panel IFF.Drum MODE 3 2') triggered with value "2"|
2026-03-05 20:35:57.6394|INFO|GadrocsWorkshop.Helios.HeliosBinding|"InfoOnce" Binding when ECM button 1 pressed state on Falcon changes set hidden on Panel BUTTON 1 UNPRESSED to  trigger value (from 'Interface 'Falcon'' to 'Monitor 2.Panel COMBINED CONSOLE.Panel ECM.Panel BUTTON 1 PRESSED.Panel BUTTON 1 UNPRESSED') triggered with value "1"|
2026-03-05 20:35:57.6394|INFO|GadrocsWorkshop.Helios.HeliosBinding|"InfoOnce" Binding when ECM button 1 standby indicator on Falcon changes set indicator on Indicator 1 to  trigger value (from 'Interface 'Falcon'' to 'Monitor 2.Panel COMBINED CONSOLE.Panel ECM.Panel BUTTON 1 PRESSED.Indicator 1') triggered with value "1"|
2026-03-05 20:35:57.6394|INFO|GadrocsWorkshop.Helios.HeliosBinding|"InfoOnce" Binding when ECM button 1 active indicator on Falcon changes set indicator on Indicator 2 to  trigger value (from 'Interface 'Falcon'' to 'Monitor 2.Panel COMBINED CONSOLE.Panel ECM.Panel BUTTON 1 PRESSED.Indicator 2') triggered with value "0"|
2026-03-05 20:35:57.6394|INFO|GadrocsWorkshop.Helios.HeliosBinding|"InfoOnce" Binding when ECM button 1 transmit indicator on Falcon changes set indicator on Indicator 4 to  trigger value (from 'Interface 'Falcon'' to 'Monitor 2.Panel COMBINED CONSOLE.Panel ECM.Panel BUTTON 1 PRESSED.Indicator 4') triggered with value "0"|
2026-03-05 20:35:57.6394|INFO|GadrocsWorkshop.Helios.HeliosBinding|"InfoOnce" Binding when ECM button 1 fail indicator on Falcon changes set indicator on Indicator 3 to  trigger value (from 'Interface 'Falcon'' to 'Monitor 2.Panel COMBINED CONSOLE.Panel ECM.Panel BUTTON 1 PRESSED.Indicator 3') triggered with value "0"|
2026-03-05 20:35:57.6394|INFO|GadrocsWorkshop.Helios.HeliosBinding|"InfoOnce" Binding when ECM button 2 pressed state on Falcon changes set hidden on Panel BUTTON 2 UNPRESSED to  trigger value (from 'Interface 'Falcon'' to 'Monitor 2.Panel COMBINED CONSOLE.Panel ECM.Panel BUTTON 2 PRESSED.Panel BUTTON 2 UNPRESSED') triggered with value "1"|
2026-03-05 20:35:57.6394|INFO|GadrocsWorkshop.Helios.HeliosBinding|"InfoOnce" Binding when ECM button 2 standby indicator on Falcon changes set indicator on Indicator 1 to  trigger value (from 'Interface 'Falcon'' to 'Monitor 2.Panel COMBINED CONSOLE.Panel ECM.Panel BUTTON 2 PRESSED.Indicator 1') triggered with value "1"|
2026-03-05 20:35:57.6394|INFO|GadrocsWorkshop.Helios.HeliosBinding|"InfoOnce" Binding when ECM button 2 active indicator on Falcon changes set indicator on Indicator 2 to  trigger value (from 'Interface 'Falcon'' to 'Monitor 2.Panel COMBINED CONSOLE.Panel ECM.Panel BUTTON 2 PRESSED.Indicator 2') triggered with value "0"|
2026-03-05 20:35:57.6394|INFO|GadrocsWorkshop.Helios.HeliosBinding|"InfoOnce" Binding when ECM button 2 transmit indicator on Falcon changes set indicator on Indicator 4 to  trigger value (from 'Interface 'Falcon'' to 'Monitor 2.Panel COMBINED CONSOLE.Panel ECM.Panel BUTTON 2 PRESSED.Indicator 4') triggered with value "0"|
2026-03-05 20:35:57.6394|INFO|GadrocsWorkshop.Helios.HeliosBinding|"InfoOnce" Binding when ECM button 2 fail indicator on Falcon changes set indicator on Indicator 3 to  trigger value (from 'Interface 'Falcon'' to 'Monitor 2.Panel COMBINED CONSOLE.Panel ECM.Panel BUTTON 2 PRESSED.Indicator 3') triggered with value "0"|
2026-03-05 20:35:57.6394|INFO|GadrocsWorkshop.Helios.HeliosBinding|"InfoOnce" Binding when ECM button 3 pressed state on Falcon changes set hidden on Panel BUTTON 3 UNPRESSED to  trigger value (from 'Interface 'Falcon'' to 'Monitor 2.Panel COMBINED CONSOLE.Panel ECM.Panel BUTTON 3 PRESSED.Panel BUTTON 3 UNPRESSED') triggered with value "1"|
2026-03-05 20:35:57.6394|INFO|GadrocsWorkshop.Helios.HeliosBinding|"InfoOnce" Binding when ECM button 3 standby indicator on Falcon changes set indicator on Indicator 1 to  trigger value (from 'Interface 'Falcon'' to 'Monitor 2.Panel COMBINED CONSOLE.Panel ECM.Panel BUTTON 3 PRESSED.Indicator 1') triggered with value "1"|
2026-03-05 20:35:57.6394|INFO|GadrocsWorkshop.Helios.HeliosBinding|"InfoOnce" Binding when ECM button 3 active indicator on Falcon changes set indicator on Indicator 2 to  trigger value (from 'Interface 'Falcon'' to 'Monitor 2.Panel COMBINED CONSOLE.Panel ECM.Panel BUTTON 3 PRESSED.Indicator 2') triggered with value "0"|
2026-03-05 20:35:57.6394|INFO|GadrocsWorkshop.Helios.HeliosBinding|"InfoOnce" Binding when ECM button 3 transmit indicator on Falcon changes set indicator on Indicator 4 to  trigger value (from 'Interface 'Falcon'' to 'Monitor 2.Panel COMBINED CONSOLE.Panel ECM.Panel BUTTON 3 PRESSED.Indicator 4') triggered with value "0"|
2026-03-05 20:35:57.6394|INFO|GadrocsWorkshop.Helios.HeliosBinding|"InfoOnce" Binding when ECM button 3 fail indicator on Falcon changes set indicator on Indicator 3 to  trigger value (from 'Interface 'Falcon'' to 'Monitor 2.Panel COMBINED CONSOLE.Panel ECM.Panel BUTTON 3 PRESSED.Indicator 3') triggered with value "0"|
2026-03-05 20:35:57.6394|INFO|GadrocsWorkshop.Helios.HeliosBinding|"InfoOnce" Binding when ECM button 4 pressed state on Falcon changes set hidden on Panel BUTTON 4 UNPRESSED to  trigger value (from 'Interface 'Falcon'' to 'Monitor 2.Panel COMBINED CONSOLE.Panel ECM.Panel BUTTON 4 PRESSED.Panel BUTTON 4 UNPRESSED') triggered with value "1"|
2026-03-05 20:35:57.6394|INFO|GadrocsWorkshop.Helios.HeliosBinding|"InfoOnce" Binding when ECM button 4 standby indicator on Falcon changes set indicator on Indicator 1 to  trigger value (from 'Interface 'Falcon'' to 'Monitor 2.Panel COMBINED CONSOLE.Panel ECM.Panel BUTTON 4 PRESSED.Indicator 1') triggered with value "1"|
2026-03-05 20:35:57.6394|INFO|GadrocsWorkshop.Helios.HeliosBinding|"InfoOnce" Binding when ECM button 4 active indicator on Falcon changes set indicator on Indicator 2 to  trigger value (from 'Interface 'Falcon'' to 'Monitor 2.Panel COMBINED CONSOLE.Panel ECM.Panel BUTTON 4 PRESSED.Indicator 2') triggered with value "0"|
2026-03-05 20:35:57.6394|INFO|GadrocsWorkshop.Helios.HeliosBinding|"InfoOnce" Binding when ECM button 4 transmit indicator on Falcon changes set indicator on Indicator 4 to  trigger value (from 'Interface 'Falcon'' to 'Monitor 2.Panel COMBINED CONSOLE.Panel ECM.Panel BUTTON 4 PRESSED.Indicator 4') triggered with value "0"|
2026-03-05 20:35:57.6394|INFO|GadrocsWorkshop.Helios.HeliosBinding|"InfoOnce" Binding when ECM button 4 fail indicator on Falcon changes set indicator on Indicator 3 to  trigger value (from 'Interface 'Falcon'' to 'Monitor 2.Panel COMBINED CONSOLE.Panel ECM.Panel BUTTON 4 PRESSED.Indicator 3') triggered with value "0"|
2026-03-05 20:35:57.6394|INFO|GadrocsWorkshop.Helios.HeliosBinding|"InfoOnce" Binding when ECM button 5 pressed state on Falcon changes set hidden on Panel BUTTON 5 UNPRESSED to  trigger value (from 'Interface 'Falcon'' to 'Monitor 2.Panel COMBINED CONSOLE.Panel ECM.Panel BUTTON 5 PRESSED.Panel BUTTON 5 UNPRESSED') triggered with value "1"|
2026-03-05 20:35:57.6394|INFO|GadrocsWorkshop.Helios.HeliosBinding|"InfoOnce" Binding when ECM button 5 standby indicator on Falcon changes set indicator on Indicator 1 to  trigger value (from 'Interface 'Falcon'' to 'Monitor 2.Panel COMBINED CONSOLE.Panel ECM.Panel BUTTON 5 PRESSED.Indicator 1') triggered with value "1"|
2026-03-05 20:35:57.6394|INFO|GadrocsWorkshop.Helios.HeliosBinding|"InfoOnce" Binding when ECM button 5 active indicator on Falcon changes set indicator on Indicator 2 to  trigger value (from 'Interface 'Falcon'' to 'Monitor 2.Panel COMBINED CONSOLE.Panel ECM.Panel BUTTON 5 PRESSED.Indicator 2') triggered with value "0"|
2026-03-05 20:35:57.6394|INFO|GadrocsWorkshop.Helios.HeliosBinding|"InfoOnce" Binding when ECM button 5 transmit indicator on Falcon changes set indicator on Indicator 4 to  trigger value (from 'Interface 'Falcon'' to 'Monitor 2.Panel COMBINED CONSOLE.Panel ECM.Panel BUTTON 5 PRESSED.Indicator 4') triggered with value "0"|
2026-03-05 20:35:57.6394|INFO|GadrocsWorkshop.Helios.HeliosBinding|"InfoOnce" Binding when ECM button 5 fail indicator on Falcon changes set indicator on Indicator 3 to  trigger value (from 'Interface 'Falcon'' to 'Monitor 2.Panel COMBINED CONSOLE.Panel ECM.Panel BUTTON 5 PRESSED.Indicator 3') triggered with value "0"|
2026-03-05 20:35:57.6394|INFO|GadrocsWorkshop.Helios.HeliosBinding|"InfoOnce" Binding when ECM bit running on Falcon changes set indicator on Indicator 1 to  trigger value (from 'Interface 'Falcon'' to 'Monitor 2.Panel COMBINED CONSOLE.Panel ECM.Panel BUTTON 1 PRESSED.Panel BUTTON 1 UNPRESSED.Indicator 1') triggered with value "0"|
2026-03-05 20:35:57.6394|INFO|GadrocsWorkshop.Helios.HeliosBinding|"InfoOnce" Binding when IDIAS power switch on Falcon changes set position on Rotary POWER SWITCH to  trigger value (from 'Interface 'Falcon'' to 'Monitor 2.Panel COMBINED CONSOLE.Panel IDIAS.Rotary POWER SWITCH') triggered with value "1"|
2026-03-05 20:35:57.6394|INFO|GadrocsWorkshop.Helios.HeliosBinding|"InfoOnce" Binding when IDIAS operating state standby on Falcon changes set indicator on Indicator STANDBY to  trigger value (from 'Interface 'Falcon'' to 'Monitor 2.Panel COMBINED CONSOLE.Panel IDIAS.Indicator STANDBY') triggered with value "0"|
2026-03-05 20:35:57.6394|INFO|GadrocsWorkshop.Helios.HeliosBinding|"InfoOnce" Binding when IDIAS operating state active on Falcon changes set indicator on Indicator OPERATION to  trigger value (from 'Interface 'Falcon'' to 'Monitor 2.Panel COMBINED CONSOLE.Panel IDIAS.Indicator OPERATION') triggered with value "0"|
2026-03-05 20:35:57.6394|INFO|GadrocsWorkshop.Helios.HeliosBinding|"InfoOnce" Binding when Altimeter radar alt on Falcon changes set Text on Label RADAR ALTIMETER HEIGHT to  script results (from 'Interface 'Falcon'' to 'Monitor 2.Panel FRONT CONSOLE.Panel CENTER PEDESTAL DISPLAY.Panel DATA.Label RADAR ALTIMETER HEIGHT') triggered with value ""|
2026-03-05 20:35:57.6544|INFO|GadrocsWorkshop.Helios.HeliosBinding|"InfoOnce" Binding when Test Panel FLCS channel lamp A on Falcon changes set indicator on Light FLCS PWR A to  trigger value (from 'Interface 'Falcon'' to 'Monitor 2.Panel COMBINED CONSOLE.Light FLCS PWR A') triggered with value "0"|
2026-03-05 20:35:57.6544|INFO|GadrocsWorkshop.Helios.HeliosBinding|"InfoOnce" Binding when Test Panel FLCS channel lamp B on Falcon changes set indicator on Light FLCS PWR B to  trigger value (from 'Interface 'Falcon'' to 'Monitor 2.Panel COMBINED CONSOLE.Light FLCS PWR B') triggered with value "0"|
2026-03-05 20:35:57.6544|INFO|GadrocsWorkshop.Helios.HeliosBinding|"InfoOnce" Binding when Test Panel FLCS channel lamp C on Falcon changes set indicator on Light FLCS PWR C to  trigger value (from 'Interface 'Falcon'' to 'Monitor 2.Panel COMBINED CONSOLE.Light FLCS PWR C') triggered with value "0"|
2026-03-05 20:35:57.6544|INFO|GadrocsWorkshop.Helios.HeliosBinding|"InfoOnce" Binding when Test Panel FLCS channel lamp D on Falcon changes set indicator on Light FLCS PWR D to  trigger value (from 'Interface 'Falcon'' to 'Monitor 2.Panel COMBINED CONSOLE.Light FLCS PWR D') triggered with value "0"|
2026-03-05 20:35:57.6544|INFO|GadrocsWorkshop.Helios.HeliosBinding|"InfoOnce" Binding when ADI gs flag on Falcon changes set hidden on Panel ADI GS FLAG to  script results (from 'Interface 'Falcon'' to 'Monitor 2.Panel FRONT CONSOLE.Panel CENTER PEDESTAL DISPLAY.Panel DATA.Panel ILS.Panel ADI GS FLAG') triggered with value "0"|
2026-03-05 20:35:57.6544|INFO|GadrocsWorkshop.Helios.HeliosBinding|"InfoOnce" Binding when ADI loc flag on Falcon changes set hidden on Panel ADI LOC FLAG to  script results (from 'Interface 'Falcon'' to 'Monitor 2.Panel FRONT CONSOLE.Panel CENTER PEDESTAL DISPLAY.Panel DATA.Panel ILS.Panel ADI LOC FLAG') triggered with value "0"|
2026-03-05 20:35:57.6544|INFO|GadrocsWorkshop.Helios.HeliosBinding|"InfoOnce" Binding when AVTR avtr indicator on Falcon changes set indicator on Light AVTR to  trigger value (from 'Interface 'Falcon'' to 'Monitor 2.Panel COMBINED CONSOLE.Light AVTR') triggered with value "1"|
2026-03-05 20:35:57.6544|INFO|GadrocsWorkshop.Helios.HeliosBinding|"InfoOnce" Binding when HSI Outer marker indicator on Falcon changes set hidden on Panel MARKER BEACON OUTER to  script results (from 'Interface 'Falcon'' to 'Monitor 2.Panel FRONT CONSOLE.Panel INDEXERS.Panel MARKER BEACON OUTER') triggered with value "0"|
2026-03-05 20:35:57.6544|INFO|GadrocsWorkshop.Helios.HeliosBinding|"InfoOnce" Binding when HSI Middle marker indicator on Falcon changes set hidden on Panel MARKER BEACON INNER to  script results (from 'Interface 'Falcon'' to 'Monitor 2.Panel FRONT CONSOLE.Panel INDEXERS.Panel MARKER BEACON INNER') triggered with value "0"|
2026-03-05 20:35:57.6544|INFO|GadrocsWorkshop.Helios.HeliosBinding|"InfoOnce" Binding when Left Eyebrow master caution indicator on Falcon changes set indicator on Indicator MASTER CAUTION to  trigger value (from 'Interface 'Falcon'' to 'Monitor 2.Panel FRONT CONSOLE.Indicator MASTER CAUTION') triggered with value "0"|
2026-03-05 20:35:57.6544|INFO|GadrocsWorkshop.Helios.HeliosBinding|"InfoOnce" Binding when Left Eyebrow tf-fail indicator on Falcon changes set indicator on Anunciator TF FAIL to  trigger value (from 'Interface 'Falcon'' to 'Monitor 2.Panel FRONT CONSOLE.Panel L EYEBROW.Anunciator TF FAIL') triggered with value "0"|
2026-03-05 20:35:57.6544|INFO|GadrocsWorkshop.Helios.HeliosBinding|"InfoOnce" Binding when Right Eyebrow oxy low indicator on Falcon changes set indicator on Anunciator EYEBROW R OXY LOW to  trigger value (from 'Interface 'Falcon'' to 'Monitor 2.Panel FRONT CONSOLE.Panel R EYEBROW.Anunciator EYEBROW R OXY LOW') triggered with value "1"|
2026-03-05 20:35:57.6544|INFO|GadrocsWorkshop.Helios.HeliosBinding|"InfoOnce" Binding when Right Eyebrow engine fire indicator on Falcon changes set indicator on Anunciator EYEBROW R ENG FIRE to  trigger value (from 'Interface 'Falcon'' to 'Monitor 2.Panel FRONT CONSOLE.Panel R EYEBROW.Anunciator EYEBROW R ENG FIRE') triggered with value "0"|
2026-03-05 20:35:57.6544|INFO|GadrocsWorkshop.Helios.HeliosBinding|"InfoOnce" Binding when Right Eyebrow hydraulic/oil indicator on Falcon changes set indicator on Anunciator EYEBROW R HYD OIL to  trigger value (from 'Interface 'Falcon'' to 'Monitor 2.Panel FRONT CONSOLE.Panel R EYEBROW.Anunciator EYEBROW R HYD OIL') triggered with value "0"|
2026-03-05 20:35:57.6544|INFO|GadrocsWorkshop.Helios.HeliosBinding|"InfoOnce" Binding when Right Eyebrow canopy indicator on Falcon changes set indicator on Anunciator EYEBROW R CANOPY to  trigger value (from 'Interface 'Falcon'' to 'Monitor 2.Panel FRONT CONSOLE.Panel R EYEBROW.Anunciator EYEBROW R CANOPY') triggered with value "0"|
2026-03-05 20:35:57.6544|INFO|GadrocsWorkshop.Helios.HeliosBinding|"InfoOnce" Binding when Right Eyebrow takeoff landing config indicator on Falcon changes set indicator on Anunciator EYEBROW R TO LDG to  trigger value (from 'Interface 'Falcon'' to 'Monitor 2.Panel FRONT CONSOLE.Panel R EYEBROW.Anunciator EYEBROW R TO LDG') triggered with value "0"|
2026-03-05 20:35:57.6544|INFO|GadrocsWorkshop.Helios.HeliosBinding|"InfoOnce" Binding when Right Eyebrow flcs indicator on Falcon changes set indicator on Anunciator EYEBROW R FLCS to  trigger value (from 'Interface 'Falcon'' to 'Monitor 2.Panel FRONT CONSOLE.Panel R EYEBROW.Anunciator EYEBROW R FLCS') triggered with value "0"|
2026-03-05 20:35:57.6544|INFO|GadrocsWorkshop.Helios.HeliosBinding|"InfoOnce" Binding when Caution stores config indicator on Falcon changes set indicator on Indicator CAUTION 17 to  trigger value (from 'Interface 'Falcon'' to 'Monitor 2.Panel FRONT CONSOLE.Panel CAUTION TIMER.Panel CAUTION INDICATORS.Indicator CAUTION 17') triggered with value "0"|
2026-03-05 20:35:57.6544|INFO|GadrocsWorkshop.Helios.HeliosBinding|"InfoOnce" Binding when AOA Indexer above indicator on Falcon changes set hidden on Panel INDEX LEFT TOP to  script results (from 'Interface 'Falcon'' to 'Monitor 2.Panel FRONT CONSOLE.Panel INDEXERS.Panel INDEX LEFT TOP') triggered with value "0"|
2026-03-05 20:35:57.6544|INFO|GadrocsWorkshop.Helios.HeliosBinding|"InfoOnce" Binding when AOA Indexer on indicator on Falcon changes set hidden on Panel INDEX LEFT CENTRE to  script results (from 'Interface 'Falcon'' to 'Monitor 2.Panel FRONT CONSOLE.Panel INDEXERS.Panel INDEX LEFT CENTRE') triggered with value "0"|
2026-03-05 20:35:57.6544|INFO|GadrocsWorkshop.Helios.HeliosBinding|"InfoOnce" Binding when AOA Indexer below indicator on Falcon changes set hidden on Panel INDEX LEFT BOTTOM to  script results (from 'Interface 'Falcon'' to 'Monitor 2.Panel FRONT CONSOLE.Panel INDEXERS.Panel INDEX LEFT BOTTOM') triggered with value "1"|
2026-03-05 20:35:57.6544|INFO|GadrocsWorkshop.Helios.HeliosBinding|"InfoOnce" Binding when Refuel Indexer ready indicator on Falcon changes set hidden on Panel INDEX RIGHT TOP to  script results (from 'Interface 'Falcon'' to 'Monitor 2.Panel FRONT CONSOLE.Panel INDEXERS.Panel INDEX RIGHT TOP') triggered with value "0"|
2026-03-05 20:35:57.6544|INFO|GadrocsWorkshop.Helios.HeliosBinding|"InfoOnce" Binding when Refuel Indexer air/nws indicator on Falcon changes set hidden on Panel INDEX RIGHT CENTRE to  script results (from 'Interface 'Falcon'' to 'Monitor 2.Panel FRONT CONSOLE.Panel INDEXERS.Panel INDEX RIGHT CENTRE') triggered with value "0"|
2026-03-05 20:35:57.6544|INFO|GadrocsWorkshop.Helios.HeliosBinding|"InfoOnce" Binding when Refuel Indexer disconnect indicator on Falcon changes set hidden on Panel INDEX RIGHT BOTTOM to  script results (from 'Interface 'Falcon'' to 'Monitor 2.Panel FRONT CONSOLE.Panel INDEXERS.Panel INDEX RIGHT BOTTOM') triggered with value "0"|
2026-03-05 20:35:57.6544|INFO|GadrocsWorkshop.Helios.HeliosBinding|"InfoOnce" Binding when Caution flight control system indicator on Falcon changes set indicator on Indicator CAUTION 01 to  trigger value (from 'Interface 'Falcon'' to 'Monitor 2.Panel FRONT CONSOLE.Panel CAUTION TIMER.Panel CAUTION INDICATORS.Indicator CAUTION 01') triggered with value "0"|
2026-03-05 20:35:57.6544|INFO|GadrocsWorkshop.Helios.HeliosBinding|"InfoOnce" Binding when Caution engine fault indticator on Falcon changes set indicator on Indicator CAUTION 02 to  trigger value (from 'Interface 'Falcon'' to 'Monitor 2.Panel FRONT CONSOLE.Panel CAUTION TIMER.Panel CAUTION INDICATORS.Indicator CAUTION 02') triggered with value "0"|
2026-03-05 20:35:57.6544|INFO|GadrocsWorkshop.Helios.HeliosBinding|"InfoOnce" Binding when Caution equip hot indicator on Falcon changes set indicator on Indicator CAUTION 07 to  trigger value (from 'Interface 'Falcon'' to 'Monitor 2.Panel FRONT CONSOLE.Panel CAUTION TIMER.Panel CAUTION INDICATORS.Indicator CAUTION 07') triggered with value "0"|
2026-03-05 20:35:57.6544|INFO|GadrocsWorkshop.Helios.HeliosBinding|"InfoOnce" Binding when Caution overheat indicator on Falcon changes set indicator on Indicator CAUTION 18 to  trigger value (from 'Interface 'Falcon'' to 'Monitor 2.Panel FRONT CONSOLE.Panel CAUTION TIMER.Panel CAUTION INDICATORS.Indicator CAUTION 18') triggered with value "0"|
2026-03-05 20:35:57.6544|INFO|GadrocsWorkshop.Helios.HeliosBinding|"InfoOnce" Binding when Caution avionics indicator on Falcon changes set indicator on Indicator CAUTION 03 to  trigger value (from 'Interface 'Falcon'' to 'Monitor 2.Panel FRONT CONSOLE.Panel CAUTION TIMER.Panel CAUTION INDICATORS.Indicator CAUTION 03') triggered with value "0"|
2026-03-05 20:35:57.6544|INFO|GadrocsWorkshop.Helios.HeliosBinding|"InfoOnce" Binding when Caution radar altimeter indicator on Falcon changes set indicator on Indicator CAUTION 11 to  trigger value (from 'Interface 'Falcon'' to 'Monitor 2.Panel FRONT CONSOLE.Panel CAUTION TIMER.Panel CAUTION INDICATORS.Indicator CAUTION 11') triggered with value "0"|
2026-03-05 20:35:57.6544|INFO|GadrocsWorkshop.Helios.HeliosBinding|"InfoOnce" Binding when Caution iff indicator on Falcon changes set indicator on Indicator CAUTION 15 to  trigger value (from 'Interface 'Falcon'' to 'Monitor 2.Panel FRONT CONSOLE.Panel CAUTION TIMER.Panel CAUTION INDICATORS.Indicator CAUTION 15') triggered with value "0"|
2026-03-05 20:35:57.6544|INFO|GadrocsWorkshop.Helios.HeliosBinding|"InfoOnce" Binding when Caution ecm indicator on Falcon changes set indicator on Indicator CAUTION 23 to  trigger value (from 'Interface 'Falcon'' to 'Monitor 2.Panel FRONT CONSOLE.Panel CAUTION TIMER.Panel CAUTION INDICATORS.Indicator CAUTION 23') triggered with value "0"|
2026-03-05 20:35:57.6544|INFO|GadrocsWorkshop.Helios.HeliosBinding|"InfoOnce" Binding when Caution hook indicator on Falcon changes set indicator on Indicator CAUTION 16 to  trigger value (from 'Interface 'Falcon'' to 'Monitor 2.Panel FRONT CONSOLE.Panel CAUTION TIMER.Panel CAUTION INDICATORS.Indicator CAUTION 16') triggered with value "0"|
2026-03-05 20:35:57.6544|INFO|GadrocsWorkshop.Helios.HeliosBinding|"InfoOnce" Binding when Caution nws fail indicator on Falcon changes set indicator on Indicator CAUTION 08 to  trigger value (from 'Interface 'Falcon'' to 'Monitor 2.Panel FRONT CONSOLE.Panel CAUTION TIMER.Panel CAUTION INDICATORS.Indicator CAUTION 08') triggered with value "0"|
2026-03-05 20:35:57.6544|INFO|GadrocsWorkshop.Helios.HeliosBinding|"InfoOnce" Binding when Caution cabin pressure indicator on Falcon changes set indicator on Indicator CAUTION 24 to  trigger value (from 'Interface 'Falcon'' to 'Monitor 2.Panel FRONT CONSOLE.Panel CAUTION TIMER.Panel CAUTION INDICATORS.Indicator CAUTION 24') triggered with value "0"|
2026-03-05 20:35:57.6544|INFO|GadrocsWorkshop.Helios.HeliosBinding|"InfoOnce" Binding when Autopilot on indicator on Falcon changes set position on 3Toggle AP PITCH to  script results (from 'Interface 'Falcon'' to 'Monitor 2.Panel FRONT CONSOLE.Panel MISC.3Toggle AP PITCH') triggered with value "0"|
2026-03-05 20:35:57.6544|INFO|GadrocsWorkshop.Helios.HeliosBinding|"InfoOnce" Binding when Misc tfs stanby indicator on Falcon changes set indicator on Indicator TFR STBY to  trigger value (from 'Interface 'Falcon'' to 'Monitor 2.Panel FRONT CONSOLE.Panel MISC.Indicator TFR STBY') triggered with value "0"|
2026-03-05 20:35:57.6544|INFO|GadrocsWorkshop.Helios.HeliosBinding|"InfoOnce" Binding when Threat Warning Prime handoff indicator on Falcon changes set indicator on Indicator HANDOFF to  trigger value (from 'Interface 'Falcon'' to 'Monitor 2.Panel FRONT CONSOLE.Panel TWP.Indicator HANDOFF') triggered with value "1"|
2026-03-05 20:35:57.6544|INFO|GadrocsWorkshop.Helios.HeliosBinding|"InfoOnce" Binding when Threat Warning Prime open mode indicator on Falcon changes set indicator on Indicator MODE to  trigger value (from 'Interface 'Falcon'' to 'Monitor 2.Panel FRONT CONSOLE.Panel TWP.Indicator MODE') triggered with value "1"|
2026-03-05 20:35:57.6544|INFO|GadrocsWorkshop.Helios.HeliosBinding|"InfoOnce" Binding when Threat Warning Prime target step indicator on Falcon changes set indicator on Indicator TGT SEP to  trigger value (from 'Interface 'Falcon'' to 'Monitor 2.Panel FRONT CONSOLE.Panel TWP.Indicator TGT SEP') triggered with value "0"|
2026-03-05 20:35:57.6544|INFO|GadrocsWorkshop.Helios.HeliosBinding|"InfoOnce" Binding when Aux Threat Warning activity indicator on Falcon changes set indicator on Indicator TWA ACTPWR LG to  trigger value (from 'Interface 'Falcon'' to 'Monitor 2.Panel FRONT CONSOLE.Panel AUXILIARY PANEL.Panel TWA AUXILIARY.Indicator TWA ACTPWR LG') triggered with value "1"|
2026-03-05 20:35:57.6544|INFO|GadrocsWorkshop.Helios.HeliosBinding|"InfoOnce" Binding when Aux Threat Warning low altitude indicator on Falcon changes set indicator on Indicator TWA ALTITUDE CC to  trigger value (from 'Interface 'Falcon'' to 'Monitor 2.Panel COMBINED CONSOLE.Panel TWA COMBINED CONSOLE.Indicator TWA ALTITUDE CC') triggered with value "0"|
2026-03-05 20:35:57.6544|INFO|GadrocsWorkshop.Helios.HeliosBinding|"InfoOnce" Binding when Aux Threat Warning power indicator on Falcon changes set hidden on Panel TWA OFF CC to  trigger value (from 'Interface 'Falcon'' to 'Monitor 2.Panel COMBINED CONSOLE.Panel TWA COMBINED CONSOLE.Panel TWA OFF CC') triggered with value "1"|
2026-03-05 20:35:57.6544|INFO|GadrocsWorkshop.Helios.HeliosBinding|"InfoOnce" Binding when CMDS Go on Falcon changes set hidden on Label CMDS GO to  script results (from 'Interface 'Falcon'' to 'Monitor 2.Panel FRONT CONSOLE.Panel CMDS.Label CMDS GO') triggered with value "1"|
2026-03-05 20:35:57.6544|INFO|GadrocsWorkshop.Helios.HeliosBinding|"InfoOnce" Binding when CMDS NoGo on Falcon changes set hidden on Label CMDS NO GO to  script results (from 'Interface 'Falcon'' to 'Monitor 2.Panel FRONT CONSOLE.Panel CMDS.Label CMDS NO GO') triggered with value "0"|
2026-03-05 20:35:57.6544|INFO|GadrocsWorkshop.Helios.HeliosBinding|"InfoOnce" Binding when CMDS Degr on Falcon changes set hidden on Label CMDS AUTO DEGR to  script results (from 'Interface 'Falcon'' to 'Monitor 2.Panel FRONT CONSOLE.Panel CMDS.Label CMDS AUTO DEGR') triggered with value "0"|
2026-03-05 20:35:57.6544|INFO|GadrocsWorkshop.Helios.HeliosBinding|"InfoOnce" Binding when CMDS Rdy on Falcon changes set hidden on Label CMDS DISPENSE RDY to  script results (from 'Interface 'Falcon'' to 'Monitor 2.Panel FRONT CONSOLE.Panel CMDS.Label CMDS DISPENSE RDY') triggered with value "0"|
2026-03-05 20:35:57.6544|INFO|GadrocsWorkshop.Helios.HeliosBinding|"InfoOnce" Binding when CMDS ChaffLo on Falcon changes set hidden on Label CHAFF LOW to  script results (from 'Interface 'Falcon'' to 'Monitor 2.Panel FRONT CONSOLE.Panel CMDS.Label CHAFF LOW') triggered with value "0"|
2026-03-05 20:35:57.6544|INFO|GadrocsWorkshop.Helios.HeliosBinding|"InfoOnce" Binding when CMDS FlareLo on Falcon changes set hidden on Label FLARE LOW to  script results (from 'Interface 'Falcon'' to 'Monitor 2.Panel FRONT CONSOLE.Panel CMDS.Label FLARE LOW') triggered with value "0"|
2026-03-05 20:35:57.6544|INFO|GadrocsWorkshop.Helios.HeliosBinding|"InfoOnce" Binding when ECM power indicator on Falcon changes set indicator on Light ECM to  trigger value (from 'Interface 'Falcon'' to 'Monitor 2.Panel FRONT CONSOLE.Panel MISC.Light ECM') triggered with value "0"|
2026-03-05 20:35:57.6544|INFO|GadrocsWorkshop.Helios.HeliosBinding|"InfoOnce" Binding when Caution forward fuel low indicator on Falcon changes set indicator on Indicator CAUTION 25 to  trigger value (from 'Interface 'Falcon'' to 'Monitor 2.Panel FRONT CONSOLE.Panel CAUTION TIMER.Panel CAUTION INDICATORS.Indicator CAUTION 25') triggered with value "0"|
2026-03-05 20:35:57.6544|INFO|GadrocsWorkshop.Helios.HeliosBinding|"InfoOnce" Binding when Caution aft fuel low indicator on Falcon changes set indicator on Indicator CAUTION 29 to  trigger value (from 'Interface 'Falcon'' to 'Monitor 2.Panel FRONT CONSOLE.Panel CAUTION TIMER.Panel CAUTION INDICATORS.Indicator CAUTION 29') triggered with value "0"|
2026-03-05 20:35:57.6544|INFO|GadrocsWorkshop.Helios.HeliosBinding|"InfoOnce" Binding when EPU on indicator on Falcon changes set indicator on Light EPU RUN to  trigger value (from 'Interface 'Falcon'' to 'Monitor 2.Panel COMBINED CONSOLE.Light EPU RUN') triggered with value "0"|
2026-03-05 20:35:57.6544|INFO|GadrocsWorkshop.Helios.HeliosBinding|"InfoOnce" Binding when JFS run indicator on Falcon changes set indicator on Light JFS RUN to  trigger value (from 'Interface 'Falcon'' to 'Monitor 2.Panel COMBINED CONSOLE.Light JFS RUN') triggered with value "0"|
2026-03-05 20:35:57.6544|INFO|GadrocsWorkshop.Helios.HeliosBinding|"InfoOnce" Binding when Caution second engine compressor indicator on Falcon changes set indicator on Indicator CAUTION 06 to  trigger value (from 'Interface 'Falcon'' to 'Monitor 2.Panel FRONT CONSOLE.Panel CAUTION TIMER.Panel CAUTION INDICATORS.Indicator CAUTION 06') triggered with value "0"|
2026-03-05 20:35:57.6544|INFO|GadrocsWorkshop.Helios.HeliosBinding|"InfoOnce" Binding when Caution oxygen low indicator on Falcon changes set indicator on Indicator CAUTION 20 to  trigger value (from 'Interface 'Falcon'' to 'Monitor 2.Panel FRONT CONSOLE.Panel CAUTION TIMER.Panel CAUTION INDICATORS.Indicator CAUTION 20') triggered with value "1"|
2026-03-05 20:35:57.6544|INFO|GadrocsWorkshop.Helios.HeliosBinding|"InfoOnce" Binding when Caution seat arm indicator on Falcon changes set indicator on Indicator CAUTION 04 to  trigger value (from 'Interface 'Falcon'' to 'Monitor 2.Panel FRONT CONSOLE.Panel CAUTION TIMER.Panel CAUTION INDICATORS.Indicator CAUTION 04') triggered with value "0"|
2026-03-05 20:35:57.6544|INFO|GadrocsWorkshop.Helios.HeliosBinding|"InfoOnce" Binding when Caution backup fuel control indicator on Falcon changes set indicator on Indicator CAUTION 26 to  trigger value (from 'Interface 'Falcon'' to 'Monitor 2.Panel FRONT CONSOLE.Panel CAUTION TIMER.Panel CAUTION INDICATORS.Indicator CAUTION 26') triggered with value "0"|
2026-03-05 20:35:57.6544|INFO|GadrocsWorkshop.Helios.HeliosBinding|"InfoOnce" Binding when Caution fuel oil hot indicator on Falcon changes set indicator on Indicator CAUTION 10 to  trigger value (from 'Interface 'Falcon'' to 'Monitor 2.Panel FRONT CONSOLE.Panel CAUTION TIMER.Panel CAUTION INDICATORS.Indicator CAUTION 10') triggered with value "0"|
2026-03-05 20:35:57.6544|INFO|GadrocsWorkshop.Helios.HeliosBinding|"InfoOnce" Binding when Caution anti skid indicator on Falcon changes set indicator on Indicator CAUTION 12 to  trigger value (from 'Interface 'Falcon'' to 'Monitor 2.Panel FRONT CONSOLE.Panel CAUTION TIMER.Panel CAUTION INDICATORS.Indicator CAUTION 12') triggered with value "0"|
2026-03-05 20:35:57.6544|INFO|GadrocsWorkshop.Helios.HeliosBinding|"InfoOnce" Binding when Misc tfs engaged indicator on Falcon changes set indicator on Indicator TFR ACTIVE to  trigger value (from 'Interface 'Falcon'' to 'Monitor 2.Panel FRONT CONSOLE.Panel MISC.Indicator TFR ACTIVE') triggered with value "0"|
2026-03-05 20:35:57.6544|INFO|GadrocsWorkshop.Helios.HeliosBinding|"InfoOnce" Binding when Gear Handle handle indicator on Falcon changes set indicator on 2Toggle LANDING GEAR HANDLE to  trigger value (from 'Interface 'Falcon'' to 'Monitor 2.Panel FRONT CONSOLE.Panel LANDING GEAR.2Toggle LANDING GEAR HANDLE') triggered with value "0"|
2026-03-05 20:35:57.6544|INFO|GadrocsWorkshop.Helios.HeliosBinding|"InfoOnce" Binding when Right Eyebrow engine indicator on Falcon changes set indicator on Anunciator EYEBROW R ENGINE to  trigger value (from 'Interface 'Falcon'' to 'Monitor 2.Panel FRONT CONSOLE.Panel R EYEBROW.Anunciator EYEBROW R ENGINE') triggered with value "0"|
2026-03-05 20:35:57.6544|INFO|GadrocsWorkshop.Helios.HeliosBinding|"InfoOnce" Binding when Caution probe heat indicator on Falcon changes set indicator on Indicator CAUTION 09 to  trigger value (from 'Interface 'Falcon'' to 'Monitor 2.Panel FRONT CONSOLE.Panel CAUTION TIMER.Panel CAUTION INDICATORS.Indicator CAUTION 09') triggered with value "0"|
2026-03-05 20:35:57.6544|INFO|GadrocsWorkshop.Helios.HeliosBinding|"InfoOnce" Binding when Aux Threat Warning search indicator on Falcon changes set indicator on Indicator TWA SEARCH CC to  trigger value (from 'Interface 'Falcon'' to 'Monitor 2.Panel COMBINED CONSOLE.Panel TWA COMBINED CONSOLE.Indicator TWA SEARCH CC') triggered with value "0"|
2026-03-05 20:35:57.6544|INFO|GadrocsWorkshop.Helios.HeliosBinding|"InfoOnce" Binding when Threat Warning Prime launch indicator on Falcon changes set indicator on Indicator LAUNCH to  trigger value (from 'Interface 'Falcon'' to 'Monitor 2.Panel FRONT CONSOLE.Panel TWP.Indicator LAUNCH') triggered with value "0"|
2026-03-05 20:35:57.6544|INFO|GadrocsWorkshop.Helios.HeliosBinding|"InfoOnce" Binding when Threat Warning Prime unknown mode indicator on Falcon changes set indicator on Indicator UNKNOWN to  trigger value (from 'Interface 'Falcon'' to 'Monitor 2.Panel FRONT CONSOLE.Panel TWP.Indicator UNKNOWN') triggered with value "0"|
2026-03-05 20:35:57.6708|INFO|GadrocsWorkshop.Helios.HeliosBinding|"InfoOnce" Binding when Electronic flcs pmg indicator on Falcon changes set indicator on Indicator FLCS PMG to  trigger value (from 'Interface 'Falcon'' to 'Monitor 2.Panel COMBINED CONSOLE.Indicator FLCS PMG') triggered with value "0"|
2026-03-05 20:35:57.6708|INFO|GadrocsWorkshop.Helios.HeliosBinding|"InfoOnce" Binding when Electronic main gen indicator on Falcon changes set indicator on Indicator MAIN GEN to  trigger value (from 'Interface 'Falcon'' to 'Monitor 2.Panel COMBINED CONSOLE.Indicator MAIN GEN') triggered with value "0"|
2026-03-05 20:35:57.6708|INFO|GadrocsWorkshop.Helios.HeliosBinding|"InfoOnce" Binding when Electronic standby generator indicator on Falcon changes set indicator on Indicator STBY GEN to  trigger value (from 'Interface 'Falcon'' to 'Monitor 2.Panel COMBINED CONSOLE.Indicator STBY GEN') triggered with value "0"|
2026-03-05 20:35:57.6708|INFO|GadrocsWorkshop.Helios.HeliosBinding|"InfoOnce" Binding when Electronic epu gen indicator on Falcon changes set indicator on Indicator EPU GEN to  trigger value (from 'Interface 'Falcon'' to 'Monitor 2.Panel COMBINED CONSOLE.Indicator EPU GEN') triggered with value "0"|
2026-03-05 20:35:57.6708|INFO|GadrocsWorkshop.Helios.HeliosBinding|"InfoOnce" Binding when Electronic epu pmg indicator on Falcon changes set indicator on Indicator EPU PMG to  trigger value (from 'Interface 'Falcon'' to 'Monitor 2.Panel COMBINED CONSOLE.Indicator EPU PMG') triggered with value "0"|
2026-03-05 20:35:57.6708|INFO|GadrocsWorkshop.Helios.HeliosBinding|"InfoOnce" Binding when Electronic to flcs indicator on Falcon changes set indicator on Indicator TO FLCS to  trigger value (from 'Interface 'Falcon'' to 'Monitor 2.Panel COMBINED CONSOLE.Indicator TO FLCS') triggered with value "0"|
2026-03-05 20:35:57.6708|INFO|GadrocsWorkshop.Helios.HeliosBinding|"InfoOnce" Binding when Electronic flcs rly indicator on Falcon changes set indicator on Indicator FLCS RLY to  trigger value (from 'Interface 'Falcon'' to 'Monitor 2.Panel COMBINED CONSOLE.Indicator FLCS RLY') triggered with value "0"|
2026-03-05 20:35:57.6708|INFO|GadrocsWorkshop.Helios.HeliosBinding|"InfoOnce" Binding when Electronic bat fail indicator on Falcon changes set indicator on Indicator FAIL to  trigger value (from 'Interface 'Falcon'' to 'Monitor 2.Panel COMBINED CONSOLE.Indicator FAIL') triggered with value "0"|
2026-03-05 20:35:57.6708|INFO|GadrocsWorkshop.Helios.HeliosBinding|"InfoOnce" Binding when EPU hydrazine indicator on Falcon changes set indicator on Indicator HYDRAZN to  trigger value (from 'Interface 'Falcon'' to 'Monitor 2.Panel COMBINED CONSOLE.Indicator HYDRAZN') triggered with value "0"|
2026-03-05 20:35:57.6708|INFO|GadrocsWorkshop.Helios.HeliosBinding|"InfoOnce" Binding when EPU air indicator on Falcon changes set indicator on Indicator AIR to  trigger value (from 'Interface 'Falcon'' to 'Monitor 2.Panel COMBINED CONSOLE.Indicator AIR') triggered with value "0"|
2026-03-05 20:35:57.6708|INFO|GadrocsWorkshop.Helios.HeliosBinding|"InfoOnce" Binding when Caution electric bus fail indicator on Falcon changes set indicator on Indicator CAUTION 05 to  trigger value (from 'Interface 'Falcon'' to 'Monitor 2.Panel FRONT CONSOLE.Panel CAUTION TIMER.Panel CAUTION INDICATORS.Indicator CAUTION 05') triggered with value "0"|
2026-03-05 20:35:57.6708|INFO|GadrocsWorkshop.Helios.HeliosBinding|"InfoOnce" Binding when Caution atf not engaged on Falcon changes set indicator on Indicator CAUTION 21 to  trigger value (from 'Interface 'Falcon'' to 'Monitor 2.Panel FRONT CONSOLE.Panel CAUTION TIMER.Panel CAUTION INDICATORS.Indicator CAUTION 21') triggered with value "0"|
2026-03-05 20:35:57.6708|INFO|GadrocsWorkshop.Helios.HeliosBinding|"InfoOnce" Binding when Flight Control run light on Falcon changes set indicator on Light FLCS RUN to  trigger value (from 'Interface 'Falcon'' to 'Monitor 2.Panel COMBINED CONSOLE.Light FLCS RUN') triggered with value "0"|
2026-03-05 20:35:57.6708|INFO|GadrocsWorkshop.Helios.HeliosBinding|"InfoOnce" Binding when Flight Control fail light on Falcon changes set indicator on Light FLCS FAIL to  trigger value (from 'Interface 'Falcon'' to 'Monitor 2.Panel COMBINED CONSOLE.Light FLCS FAIL') triggered with value "0"|
2026-03-05 20:35:57.6708|INFO|GadrocsWorkshop.Helios.HeliosBinding|"InfoOnce" Binding when Right Eyebrow dbu on indicator on Falcon changes set indicator on Anunciator EYEBROW R DBU ON to  trigger value (from 'Interface 'Falcon'' to 'Monitor 2.Panel FRONT CONSOLE.Panel R EYEBROW.Anunciator EYEBROW R DBU ON') triggered with value "0"|
2026-03-05 20:35:57.6708|INFO|GadrocsWorkshop.Helios.HeliosBinding|"InfoOnce" Binding when General parking brake engaged on Falcon changes set position on 3Toggle PARKING BRAKE to  script results (from 'Interface 'Falcon'' to 'Monitor 2.Panel FRONT CONSOLE.Panel LANDING GEAR.3Toggle PARKING BRAKE') triggered with value "0"|
2026-03-05 20:35:57.6708|INFO|GadrocsWorkshop.Helios.HeliosBinding|"InfoOnce" Binding when Caution cadc indicator on Falcon changes set indicator on Indicator CAUTION 13 to  trigger value (from 'Interface 'Falcon'' to 'Monitor 2.Panel FRONT CONSOLE.Panel CAUTION TIMER.Panel CAUTION INDICATORS.Indicator CAUTION 13') triggered with value "0"|
2026-03-05 20:35:57.6708|INFO|GadrocsWorkshop.Helios.HeliosBinding|"InfoOnce" Binding when Landing Gear nose gear indicator on Falcon changes set hidden on Panel GEAR INDICATOR NOSE to  script results (from 'Interface 'Falcon'' to 'Monitor 2.Panel FRONT CONSOLE.Panel LANDING GEAR.Panel GEAR INDICATORS.Panel GEAR INDICATOR NOSE') triggered with value "0"|
2026-03-05 20:35:57.6708|INFO|GadrocsWorkshop.Helios.HeliosBinding|"InfoOnce" Binding when Landing Gear left gear indicator on Falcon changes set hidden on Panel GEAR INDICATOR LEFT to  script results (from 'Interface 'Falcon'' to 'Monitor 2.Panel FRONT CONSOLE.Panel LANDING GEAR.Panel GEAR INDICATORS.Panel GEAR INDICATOR LEFT') triggered with value "0"|
2026-03-05 20:35:57.6708|INFO|GadrocsWorkshop.Helios.HeliosBinding|"InfoOnce" Binding when Landing Gear right gear indicator on Falcon changes set hidden on Panel GEAR INDICATOR RIGHT to  script results (from 'Interface 'Falcon'' to 'Monitor 2.Panel FRONT CONSOLE.Panel LANDING GEAR.Panel GEAR INDICATORS.Panel GEAR INDICATOR RIGHT') triggered with value "0"|
2026-03-05 20:35:57.6708|INFO|GadrocsWorkshop.Helios.HeliosBinding|"InfoOnce" Binding when General power off on Falcon changes set hidden on Panel SPEEDBRAKE OFF to  script results (from 'Interface 'Falcon'' to 'Monitor 2.Panel FRONT CONSOLE.Panel LANDING GEAR.Panel SPEEDBRAKE OFF') triggered with value "0"|
2026-03-05 20:35:57.6708|INFO|GadrocsWorkshop.Helios.HeliosBinding|"InfoOnce" Binding when Threat Warning Prime systest indicator on Falcon changes set indicator on Indicator SYS TEST to  trigger value (from 'Interface 'Falcon'' to 'Monitor 2.Panel FRONT CONSOLE.Panel TWP.Indicator SYS TEST') triggered with value "0"|
2026-03-05 20:35:57.6708|INFO|GadrocsWorkshop.Helios.HeliosBinding|"InfoOnce" Binding when Caution Inlet Icing indicator on Falcon changes set indicator on Indicator CAUTION 14 to  trigger value (from 'Interface 'Falcon'' to 'Monitor 2.Panel FRONT CONSOLE.Panel CAUTION TIMER.Panel CAUTION INDICATORS.Indicator CAUTION 14') triggered with value "0"|
2026-03-05 20:35:57.6708|INFO|GadrocsWorkshop.Helios.HeliosBinding|"InfoOnce" Binding when Runtime Aircraft IFF Panel on Falcon changes set hidden on Panel AUX COMM to  script results (from 'Interface 'Falcon'' to 'Monitor 2.Panel COMBINED CONSOLE.Panel AUX COMM') triggered with value "1"|
2026-03-05 20:35:57.6708|INFO|GadrocsWorkshop.Helios.HeliosBinding|"InfoOnce" Binding when Runtime Aircraft ECM Panel on Falcon changes set hidden on Panel ECM to  script results (from 'Interface 'Falcon'' to 'Monitor 2.Panel COMBINED CONSOLE.Panel ECM') triggered with value "1"|
2026-03-05 20:36:19.2720|INFO|GadrocsWorkshop.Helios.HeliosBinding|"InfoOnce" Binding when Any Modifiers F10 on Keyboard pressed set physical state on Button MAPS to  true (from 'Interface 'Keyboard'' to 'Monitor 2.Panel CENTER PEDESTAL DISPLAY.Button MAPS') triggered with value ""|
2026-03-05 20:36:22.6560|INFO|GadrocsWorkshop.Helios.HeliosBinding|"InfoOnce" Binding when Any Modifiers RightBracket on Keyboard pressed push Button BULLSEYE (from 'Interface 'Keyboard'' to 'Monitor 2.Panel CENTER PEDESTAL DISPLAY.Panel MAPS.Panel MAPS BUTTONS.Button BULLSEYE') triggered with value ""|
2026-03-05 20:36:23.4913|INFO|GadrocsWorkshop.Helios.HeliosBinding|"InfoOnce" Binding when Button BULLSEYE open set Bullseye Visible on Control MAPCONTROL to  trigger value (from 'Monitor 2.Panel CENTER PEDESTAL DISPLAY.Panel MAPS.Panel MAPS BUTTONS.Button BULLSEYE' to 'Monitor 2.Panel CENTER PEDESTAL DISPLAY.Panel MAPS.Control MAPCONTROL') triggered with value "0"|
2026-03-05 20:36:23.8831|INFO|GadrocsWorkshop.Helios.HeliosBinding|"InfoOnce" Binding when Any Modifiers Apostrophe on Keyboard pressed push Button WAYPOINTS (from 'Interface 'Keyboard'' to 'Monitor 2.Panel CENTER PEDESTAL DISPLAY.Panel MAPS.Panel MAPS BUTTONS.Button WAYPOINTS') triggered with value ""|
2026-03-05 20:36:28.3257|INFO|GadrocsWorkshop.Helios.HeliosBinding|"InfoOnce" Binding when Any Modifiers LeftBracket on Keyboard pressed push Button MAPS ZOOM OUT (from 'Interface 'Keyboard'' to 'Monitor 2.Panel CENTER PEDESTAL DISPLAY.Panel MAPS.Panel MAPS BUTTONS.Button MAPS ZOOM OUT') triggered with value ""|
2026-03-05 20:36:28.9217|INFO|GadrocsWorkshop.Helios.HeliosBinding|"InfoOnce" Binding when Any Modifiers Semicolon on Keyboard pressed push Button MAPS ZOOM IN (from 'Interface 'Keyboard'' to 'Monitor 2.Panel CENTER PEDESTAL DISPLAY.Panel MAPS.Panel MAPS BUTTONS.Button MAPS ZOOM IN') triggered with value ""|
2026-03-05 20:41:12.7245|INFO|GadrocsWorkshop.Helios.HeliosProfile|Profile reseting. (Name="Ice's Falcon BMS 4.38")|
2026-03-05 20:41:12.7405|INFO|GadrocsWorkshop.Helios.HeliosBinding|"InfoOnce" Binding when Profile Reset set indicator on 2Toggle LANDING GEAR HANDLE to  false (from 'Interface 'Profile'' to 'Monitor 2.Panel FRONT CONSOLE.Panel LANDING GEAR.2Toggle LANDING GEAR HANDLE') triggered with value ""|
2026-03-05 20:41:13.1594|INFO|GadrocsWorkshop.Helios.HeliosProcessControl.ProcessControlInterface|Error caught launching external application (path="C:\Bin\AutoDataUpdate.exe").  This is very likely to be due to a missing program, missing file, or incorrect permissions on what has been specified on the lauinch action.|System.ComponentModel.Win32Exception
The operation was canceled by the user
   at System.Diagnostics.Process.StartWithShellExecuteEx(ProcessStartInfo startInfo)
   at System.Diagnostics.Process.Start(ProcessStartInfo startInfo)
   at GadrocsWorkshop.Helios.HeliosProcessControl.ProcessControlInterface.LaunchApplication_Execute(Object action, HeliosActionEventArgs e, Boolean windowHidden)
2026-03-05 20:41:13.4141|INFO|GadrocsWorkshop.Helios.HeliosProcessControl.ProcessControlInterface|Error caught launching external application (path="C:\Bin\AutoCPDUpdate.exe").  This is very likely to be due to a missing program, missing file, or incorrect permissions on what has been specified on the lauinch action.|System.ComponentModel.Win32Exception
The operation was canceled by the user
   at System.Diagnostics.Process.StartWithShellExecuteEx(ProcessStartInfo startInfo)
   at System.Diagnostics.Process.Start(ProcessStartInfo startInfo)
   at GadrocsWorkshop.Helios.HeliosProcessControl.ProcessControlInterface.LaunchApplication_Execute(Object action, HeliosActionEventArgs e, Boolean windowHidden)
2026-03-05 20:41:13.4141|INFO|GadrocsWorkshop.Helios.HeliosProfile|Profile reset completed. (Name="Ice's Falcon BMS 4.38")|
2026-03-05 20:46:36.0196|INFO|GadrocsWorkshop.Helios.HeliosBinding|"InfoOnce" Binding when Any Modifiers F12 on Keyboard pressed push Button OSB RESET (from 'Interface 'Keyboard'' to 'Monitor 2.Panel CENTER PEDESTAL DISPLAY.Button OSB RESET') triggered with value "RightControl"|
2026-03-05 20:54:08.3656|INFO|GadrocsWorkshop.Helios.HeliosProfile|Profile reseting. (Name="Ice's Falcon BMS 4.38")|
2026-03-05 20:54:08.7334|INFO|GadrocsWorkshop.Helios.HeliosProcessControl.ProcessControlInterface|Error caught launching external application (path="C:\Bin\AutoDataUpdate.exe").  This is very likely to be due to a missing program, missing file, or incorrect permissions on what has been specified on the lauinch action.|System.ComponentModel.Win32Exception
The operation was canceled by the user
   at System.Diagnostics.Process.StartWithShellExecuteEx(ProcessStartInfo startInfo)
   at System.Diagnostics.Process.Start(ProcessStartInfo startInfo)
   at GadrocsWorkshop.Helios.HeliosProcessControl.ProcessControlInterface.LaunchApplication_Execute(Object action, HeliosActionEventArgs e, Boolean windowHidden)
2026-03-05 20:54:08.9534|INFO|GadrocsWorkshop.Helios.HeliosProcessControl.ProcessControlInterface|Error caught launching external application (path="C:\Bin\AutoCPDUpdate.exe").  This is very likely to be due to a missing program, missing file, or incorrect permissions on what has been specified on the lauinch action.|System.ComponentModel.Win32Exception
The operation was canceled by the user
   at System.Diagnostics.Process.StartWithShellExecuteEx(ProcessStartInfo startInfo)
   at System.Diagnostics.Process.Start(ProcessStartInfo startInfo)
   at GadrocsWorkshop.Helios.HeliosProcessControl.ProcessControlInterface.LaunchApplication_Execute(Object action, HeliosActionEventArgs e, Boolean windowHidden)
2026-03-05 20:54:08.9534|INFO|GadrocsWorkshop.Helios.HeliosProfile|Profile reset completed. (Name="Ice's Falcon BMS 4.38")|
2026-03-05 20:56:15.5352|INFO|GadrocsWorkshop.Helios.HeliosProfile|Profile reseting. (Name="Ice's Falcon BMS 4.38")|
2026-03-05 20:56:15.8805|INFO|GadrocsWorkshop.Helios.HeliosProcessControl.ProcessControlInterface|Error caught launching external application (path="C:\Bin\AutoDataUpdate.exe").  This is very likely to be due to a missing program, missing file, or incorrect permissions on what has been specified on the lauinch action.|System.ComponentModel.Win32Exception
The operation was canceled by the user
   at System.Diagnostics.Process.StartWithShellExecuteEx(ProcessStartInfo startInfo)
   at System.Diagnostics.Process.Start(ProcessStartInfo startInfo)
   at GadrocsWorkshop.Helios.HeliosProcessControl.ProcessControlInterface.LaunchApplication_Execute(Object action, HeliosActionEventArgs e, Boolean windowHidden)
2026-03-05 20:56:16.0490|INFO|GadrocsWorkshop.Helios.HeliosProcessControl.ProcessControlInterface|Error caught launching external application (path="C:\Bin\AutoCPDUpdate.exe").  This is very likely to be due to a missing program, missing file, or incorrect permissions on what has been specified on the lauinch action.|System.ComponentModel.Win32Exception
The operation was canceled by the user
   at System.Diagnostics.Process.StartWithShellExecuteEx(ProcessStartInfo startInfo)
   at System.Diagnostics.Process.Start(ProcessStartInfo startInfo)
   at GadrocsWorkshop.Helios.HeliosProcessControl.ProcessControlInterface.LaunchApplication_Execute(Object action, HeliosActionEventArgs e, Boolean windowHidden)
2026-03-05 20:56:16.0490|INFO|GadrocsWorkshop.Helios.HeliosProfile|Profile reset completed. (Name="Ice's Falcon BMS 4.38")|
2026-03-05 21:03:59.6720|INFO|GadrocsWorkshop.Helios.HeliosBinding|"InfoOnce" Binding when Any Modifiers L on Keyboard pressed push Button MAPS TARGET (from 'Interface 'Keyboard'' to 'Monitor 2.Panel CENTER PEDESTAL DISPLAY.Panel MAPS.Panel MAPS TARGET BUTTONS.Button MAPS TARGET') triggered with value ""|
2026-03-05 21:04:01.4267|INFO|GadrocsWorkshop.Helios.HeliosBinding|"InfoOnce" Binding when Any Modifiers P on Keyboard pressed push Button MAPS NORTH UP (from 'Interface 'Keyboard'' to 'Monitor 2.Panel CENTER PEDESTAL DISPLAY.Panel MAPS.Panel MAPS BUTTONS.Button MAPS NORTH UP') triggered with value ""|
2026-03-05 21:04:21.5013|INFO|GadrocsWorkshop.Helios.HeliosBinding|"InfoOnce" Binding when Any Modifiers F9 on Keyboard pressed push Button OSB RESET (from 'Interface 'Keyboard'' to 'Monitor 2.Panel CENTER PEDESTAL DISPLAY.Button OSB RESET') triggered with value ""|
2026-03-05 21:05:07.0278|INFO|GadrocsWorkshop.Helios.HeliosBinding|"InfoOnce" Binding when Any Modifiers F11 on Keyboard pressed push Button OSB RESET (from 'Interface 'Keyboard'' to 'Monitor 2.Panel CENTER PEDESTAL DISPLAY.Button OSB RESET') triggered with value ""|
2026-03-05 21:15:49.5940|INFO|GadrocsWorkshop.Helios.HeliosProfile|Profile reseting. (Name="Ice's Falcon BMS 4.38")|
2026-03-05 21:15:49.9397|INFO|GadrocsWorkshop.Helios.HeliosProcessControl.ProcessControlInterface|Error caught launching external application (path="C:\Bin\AutoDataUpdate.exe").  This is very likely to be due to a missing program, missing file, or incorrect permissions on what has been specified on the lauinch action.|System.ComponentModel.Win32Exception
The operation was canceled by the user
   at System.Diagnostics.Process.StartWithShellExecuteEx(ProcessStartInfo startInfo)
   at System.Diagnostics.Process.Start(ProcessStartInfo startInfo)
   at GadrocsWorkshop.Helios.HeliosProcessControl.ProcessControlInterface.LaunchApplication_Execute(Object action, HeliosActionEventArgs e, Boolean windowHidden)
2026-03-05 21:15:50.1148|INFO|GadrocsWorkshop.Helios.HeliosProcessControl.ProcessControlInterface|Error caught launching external application (path="C:\Bin\AutoCPDUpdate.exe").  This is very likely to be due to a missing program, missing file, or incorrect permissions on what has been specified on the lauinch action.|System.ComponentModel.Win32Exception
The operation was canceled by the user
   at System.Diagnostics.Process.StartWithShellExecuteEx(ProcessStartInfo startInfo)
   at System.Diagnostics.Process.Start(ProcessStartInfo startInfo)
   at GadrocsWorkshop.Helios.HeliosProcessControl.ProcessControlInterface.LaunchApplication_Execute(Object action, HeliosActionEventArgs e, Boolean windowHidden)
2026-03-05 21:15:50.1148|INFO|GadrocsWorkshop.Helios.HeliosProfile|Profile reset completed. (Name="Ice's Falcon BMS 4.38")|
2026-03-05 21:16:19.1197|INFO|GadrocsWorkshop.Helios.LogManager|Stopping profile on exit.|
2026-03-05 21:16:19.1197|INFO|GadrocsWorkshop.Helios.HeliosProfile|Profile stopping. (Name="Ice's Falcon BMS 4.38")|
2026-03-05 21:16:19.1247|INFO|GadrocsWorkshop.Helios.HeliosBinding|"InfoOnce" Binding when Profile Stopped push Button STOP RTTCLIENT MASTER (from 'Interface 'Profile'' to 'Monitor 2.Panel BACKGROUND.Button STOP RTTCLIENT MASTER') triggered with value ""|
2026-03-05 21:16:19.1247|INFO|GadrocsWorkshop.Helios.Interfaces.Falcon.Interfaces.RTT.ProcessControl|Killing process image name "RTTClient64"|
2026-03-05 21:16:19.1467|INFO|GadrocsWorkshop.Helios.HeliosProfile|Profile stopped. (Name="Ice's Falcon BMS 4.38")|
2026-03-05 21:16:19.1467|INFO|GadrocsWorkshop.Helios.LogManager|Unloading profile on exit.|
2026-03-05 21:16:19.1781|INFO|GadrocsWorkshop.Helios.LogManager|Saving control center window position.|
