2026-02-23 21:21:58.5132|INFO|GadrocsWorkshop.Helios.HeliosInit|Helios Version 1.6.6170.3|
2026-02-23 21:21:58.5669|INFO|GadrocsWorkshop.Helios.FontManager|Loaded private font "Helios Virtual Cockpit A-10C_ALQ_213" for use in Helios|
2026-02-23 21:21:58.5669|INFO|GadrocsWorkshop.Helios.FontManager|Loaded private font "Helios Virtual Cockpit A-10C_ARC_164" for use in Helios|
2026-02-23 21:21:58.5669|INFO|GadrocsWorkshop.Helios.FontManager|Loaded private font "Helios Virtual Cockpit A-10C_Digital_Clock" for use in Helios|
2026-02-23 21:21:58.5669|INFO|GadrocsWorkshop.Helios.FontManager|Loaded private font "AH-64D-CMWS Regular" for use in Helios|
2026-02-23 21:21:58.5669|INFO|GadrocsWorkshop.Helios.FontManager|Loaded private font "AH-64D-KU Regular" for use in Helios|
2026-02-23 21:21:58.5669|INFO|GadrocsWorkshop.Helios.FontManager|Loaded private font "Helios Virtual Cockpit APN209 LED" for use in Helios|
2026-02-23 21:21:58.5669|INFO|GadrocsWorkshop.Helios.FontManager|Loaded private font "DSEG14 Classic Regular" for use in Helios|
2026-02-23 21:21:58.5669|INFO|GadrocsWorkshop.Helios.FontManager|Loaded private font "DSEG7 Classic Regular" for use in Helios|
2026-02-23 21:21:58.5669|INFO|GadrocsWorkshop.Helios.FontManager|Loaded private font "Helios Virtual Cockpit F-15E_Up_Front_Controller" for use in Helios|
2026-02-23 21:21:58.5669|INFO|GadrocsWorkshop.Helios.FontManager|Loaded private font "Helios Virtual Cockpit F-16C_Viper_DED" for use in Helios|
2026-02-23 21:21:58.5669|INFO|GadrocsWorkshop.Helios.FontManager|Loaded private font "Helios Virtual Cockpit F/A-18C Hornet IFEI" for use in Helios|
2026-02-23 21:21:58.5669|INFO|GadrocsWorkshop.Helios.FontManager|Loaded private font "Helios Virtual Cockpit F/A-18C_Hornet-Up_Front_Controller" for use in Helios|
2026-02-23 21:21:58.5669|INFO|GadrocsWorkshop.Helios.FontManager|Loaded private font "Helios Virtual Cockpit A-10C_ARC-210_Large" for use in Helios|
2026-02-23 21:21:58.5759|INFO|GadrocsWorkshop.Helios.FontManager|Loaded private font "Helios Virtual Cockpit A-10C_ARC-210_Small" for use in Helios|
2026-02-23 21:21:58.5759|INFO|GadrocsWorkshop.Helios.FontManager|Loaded private font "Helios Virtual Cockpit 2000C_PCA_16_Segment" for use in Helios|
2026-02-23 21:21:58.5759|INFO|GadrocsWorkshop.Helios.FontManager|Loaded private font "LED Counter 7 Regular" for use in Helios|
2026-02-23 21:21:58.5759|INFO|GadrocsWorkshop.Helios.FontManager|Loaded private font "MS 33558 Regular" for use in Helios|
2026-02-23 21:22:17.3004|INFO|GadrocsWorkshop.Helios.LogManager|Starting Editor|
2026-02-23 21:22:18.1703|INFO|GadrocsWorkshop.Helios.DisplayManager|Helios has determined screen DPI is 96|
2026-02-23 21:22:42.4003|INFO|GadrocsWorkshop.Helios.DisplayManager|Helios has determined screen DPI is 96|
2026-02-23 21:22:42.4003|INFO|GadrocsWorkshop.Helios.DisplayManager|Helios has determined screen DPI is 96|
2026-02-23 21:22:42.4553|INFO|GadrocsWorkshop.Helios.DisplayManager|Helios has determined screen DPI is 96|
2026-02-23 21:23:15.4882|INFO|GadrocsWorkshop.Helios.HeliosBinding|"InfoOnce" Binding when Button VERSION CHECK pushed set Text Signal on MemoryWire VERSION CHECK to  VERSIONCHECK (from 'Monitor 2.Panel VERSION CHECK.Button VERSION CHECK' to 'Monitor 2.Panel VERSION CHECK.MemoryWire VERSION CHECK') triggered with value "1"|
2026-02-23 21:23:15.4882|INFO|GadrocsWorkshop.Helios.HeliosBinding|"InfoOnce" Binding when Text Signal on MemoryWire VERSION CHECK changes set position on Rotary VERSION CHECK to  script results (from 'Monitor 2.Panel VERSION CHECK.MemoryWire VERSION CHECK' to 'Monitor 2.Panel VERSION CHECK.Rotary VERSION CHECK') triggered with value "VERSIONCHECK"|
2026-02-23 21:23:16.0147|INFO|GadrocsWorkshop.Helios.HeliosBinding|"InfoOnce" Binding when position 3 on Rotary VERSION CHECK entered set hidden on Panel VERSION ERROR to  false (from 'Monitor 2.Panel VERSION CHECK.Rotary VERSION CHECK' to 'Monitor 2.Panel VERSION CHECK.Panel VERSION ERROR') triggered with value ""|
2026-02-23 21:26:29.1119|INFO|GadrocsWorkshop.Helios.ProfileEditor.ResetMonitorsWork|detected display of size 1920 x 1080|
2026-02-23 21:26:29.1119|INFO|GadrocsWorkshop.Helios.ProfileEditor.ResetMonitorsWork|detected display of size 1920 x 1080|
2026-02-23 21:29:16.6080|INFO|GadrocsWorkshop.Helios.DisplayManager|Helios has determined screen DPI is 96|
2026-02-23 21:29:16.6080|INFO|GadrocsWorkshop.Helios.DisplayManager|Helios has determined screen DPI is 96|
2026-02-23 21:29:16.6249|INFO|GadrocsWorkshop.Helios.DisplayManager|Helios has determined screen DPI is 96|
2026-02-23 21:29:26.7622|INFO|GadrocsWorkshop.Helios.DisplayManager|Helios has determined screen DPI is 96|
2026-02-23 21:29:26.9983|INFO|GadrocsWorkshop.Helios.ImageManager|Load for Image {Helios}/Gauges/KA-50/RadarAltimeter/radar_alt_needle.xaml is being redirected to {Ka-50}/Gauges/RadarAltimeter/radar_alt_needle.xaml|
2026-02-23 21:29:26.9983|INFO|GadrocsWorkshop.Helios.ImageManager|Load for Image {Helios}/Gauges/KA-50/RadarAltimeter/radar_alt_faceplate.xaml is being redirected to {Ka-50}/Gauges/RadarAltimeter/radar_alt_faceplate.xaml|
2026-02-23 21:29:27.1705|INFO|GadrocsWorkshop.Helios.DisplayManager|Helios has determined screen DPI is 96|
2026-02-23 21:29:27.1705|INFO|GadrocsWorkshop.Helios.DisplayManager|Helios has determined screen DPI is 96|
2026-02-23 21:29:27.1925|INFO|GadrocsWorkshop.Helios.DisplayManager|Helios has determined screen DPI is 96|
2026-02-23 21:29:28.3882|INFO|GadrocsWorkshop.Helios.DisplayManager|Helios has determined screen DPI is 96|
2026-02-23 21:29:28.6041|INFO|GadrocsWorkshop.Helios.ImageManager|Load for Image {Helios}/Images/F-16/ded-box.png is being redirected to {F-16C}/Images/ded-box.png|
2026-02-23 21:29:54.7409|INFO|GadrocsWorkshop.Helios.ProfileEditor.ResetMonitorsWork|detected display of size 1920 x 1080|
2026-02-23 21:29:54.7409|INFO|GadrocsWorkshop.Helios.ProfileEditor.ResetMonitorsWork|detected display of size 1920 x 1080|
