2026-02-26 18:50:31.1487|INFO|GadrocsWorkshop.Helios.HeliosInit|Helios Version 1.6.6170.3|
2026-02-26 18:50:31.1769|INFO|GadrocsWorkshop.Helios.FontManager|Loaded private font "Helios Virtual Cockpit A-10C_ALQ_213" for use in Helios|
2026-02-26 18:50:31.1940|INFO|GadrocsWorkshop.Helios.FontManager|Loaded private font "Helios Virtual Cockpit A-10C_ARC_164" for use in Helios|
2026-02-26 18:50:31.1940|INFO|GadrocsWorkshop.Helios.FontManager|Loaded private font "Helios Virtual Cockpit A-10C_Digital_Clock" for use in Helios|
2026-02-26 18:50:31.1940|INFO|GadrocsWorkshop.Helios.FontManager|Loaded private font "AH-64D-CMWS Regular" for use in Helios|
2026-02-26 18:50:31.1940|INFO|GadrocsWorkshop.Helios.FontManager|Loaded private font "AH-64D-KU Regular" for use in Helios|
2026-02-26 18:50:31.1940|INFO|GadrocsWorkshop.Helios.FontManager|Loaded private font "Helios Virtual Cockpit APN209 LED" for use in Helios|
2026-02-26 18:50:31.1940|INFO|GadrocsWorkshop.Helios.FontManager|Loaded private font "DSEG14 Classic Regular" for use in Helios|
2026-02-26 18:50:31.1940|INFO|GadrocsWorkshop.Helios.FontManager|Loaded private font "DSEG7 Classic Regular" for use in Helios|
2026-02-26 18:50:31.1940|INFO|GadrocsWorkshop.Helios.FontManager|Loaded private font "Helios Virtual Cockpit F-15E_Up_Front_Controller" for use in Helios|
2026-02-26 18:50:31.1940|INFO|GadrocsWorkshop.Helios.FontManager|Loaded private font "Helios Virtual Cockpit F-16C_Viper_DED" for use in Helios|
2026-02-26 18:50:31.1940|INFO|GadrocsWorkshop.Helios.FontManager|Loaded private font "Helios Virtual Cockpit F/A-18C Hornet IFEI" for use in Helios|
2026-02-26 18:50:31.1940|INFO|GadrocsWorkshop.Helios.FontManager|Loaded private font "Helios Virtual Cockpit F/A-18C_Hornet-Up_Front_Controller" for use in Helios|
2026-02-26 18:50:31.1940|INFO|GadrocsWorkshop.Helios.FontManager|Loaded private font "Helios Virtual Cockpit A-10C_ARC-210_Large" for use in Helios|
2026-02-26 18:50:31.1940|INFO|GadrocsWorkshop.Helios.FontManager|Loaded private font "Helios Virtual Cockpit A-10C_ARC-210_Small" for use in Helios|
2026-02-26 18:50:31.1940|INFO|GadrocsWorkshop.Helios.FontManager|Loaded private font "Helios Virtual Cockpit 2000C_PCA_16_Segment" for use in Helios|
2026-02-26 18:50:31.1940|INFO|GadrocsWorkshop.Helios.FontManager|Loaded private font "LED Counter 7 Regular" for use in Helios|
2026-02-26 18:50:31.1940|INFO|GadrocsWorkshop.Helios.FontManager|Loaded private font "MS 33558 Regular" for use in Helios|
2026-02-26 18:50:31.5018|INFO|GadrocsWorkshop.Helios.LogManager|Starting Editor|
2026-02-26 18:50:31.6798|INFO|GadrocsWorkshop.Helios.DisplayManager|Helios has determined screen DPI is 96|
2026-02-26 18:50:35.6760|INFO|GadrocsWorkshop.Helios.DisplayManager|Helios has determined screen DPI is 96|
2026-02-26 18:50:35.9426|INFO|GadrocsWorkshop.Helios.ImageManager|Load for Image {Helios}/Gauges/KA-50/RadarAltimeter/radar_alt_needle.xaml is being redirected to {Ka-50}/Gauges/RadarAltimeter/radar_alt_needle.xaml|
2026-02-26 18:50:35.9426|INFO|GadrocsWorkshop.Helios.ImageManager|Load for Image {Helios}/Gauges/KA-50/RadarAltimeter/radar_alt_faceplate.xaml is being redirected to {Ka-50}/Gauges/RadarAltimeter/radar_alt_faceplate.xaml|
2026-02-26 18:50:36.1470|INFO|GadrocsWorkshop.Helios.DisplayManager|Helios has determined screen DPI is 96|
2026-02-26 18:50:36.1470|INFO|GadrocsWorkshop.Helios.DisplayManager|Helios has determined screen DPI is 96|
2026-02-26 18:50:36.1763|INFO|GadrocsWorkshop.Helios.DisplayManager|Helios has determined screen DPI is 96|
2026-02-26 18:50:36.9897|INFO|GadrocsWorkshop.Helios.DisplayManager|Helios has determined screen DPI is 96|
2026-02-26 18:50:37.1857|INFO|GadrocsWorkshop.Helios.ImageManager|Load for Image {Helios}/Images/F-16/ded-box.png is being redirected to {F-16C}/Images/ded-box.png|
2026-02-26 18:50:55.2995|INFO|GadrocsWorkshop.Helios.DisplayManager|Helios has determined screen DPI is 96|
2026-02-26 18:50:55.4744|INFO|GadrocsWorkshop.Helios.ImageManager|Load for Image {Helios}/Gauges/KA-50/RadarAltimeter/radar_alt_needle.xaml is being redirected to {Ka-50}/Gauges/RadarAltimeter/radar_alt_needle.xaml|
2026-02-26 18:50:55.4744|INFO|GadrocsWorkshop.Helios.ImageManager|Load for Image {Helios}/Gauges/KA-50/RadarAltimeter/radar_alt_faceplate.xaml is being redirected to {Ka-50}/Gauges/RadarAltimeter/radar_alt_faceplate.xaml|
2026-02-26 18:50:55.5581|INFO|GadrocsWorkshop.Helios.DisplayManager|Helios has determined screen DPI is 96|
2026-02-26 18:50:55.5581|INFO|GadrocsWorkshop.Helios.DisplayManager|Helios has determined screen DPI is 96|
2026-02-26 18:50:55.5670|INFO|GadrocsWorkshop.Helios.DisplayManager|Helios has determined screen DPI is 96|
2026-02-26 18:50:56.4106|INFO|GadrocsWorkshop.Helios.DisplayManager|Helios has determined screen DPI is 96|
2026-02-26 18:50:56.4893|INFO|GadrocsWorkshop.Helios.ImageManager|Load for Image {Helios}/Images/F-16/ded-box.png is being redirected to {F-16C}/Images/ded-box.png|
