2026-02-23 21:19:19.0604|INFO|GadrocsWorkshop.Helios.HeliosInit|Helios Version 1.6.3605.0|
2026-02-23 21:19:19.1135|INFO|GadrocsWorkshop.Helios.FontManager|Loaded private font "Helios Virtual Cockpit A-10C_ALQ_213" for use in Helios|
2026-02-23 21:19:19.1135|INFO|GadrocsWorkshop.Helios.FontManager|Loaded private font "Helios Virtual Cockpit A-10C_ARC_164" for use in Helios|
2026-02-23 21:19:19.1135|INFO|GadrocsWorkshop.Helios.FontManager|Loaded private font "Helios Virtual Cockpit A-10C_Digital_Clock" for use in Helios|
2026-02-23 21:19:19.1135|INFO|GadrocsWorkshop.Helios.FontManager|Loaded private font "Helios Virtual Cockpit F-16C_Viper_DED" for use in Helios|
2026-02-23 21:19:19.1135|INFO|GadrocsWorkshop.Helios.FontManager|Loaded private font "Helios Virtual Cockpit F/A-18C Hornet IFEI" for use in Helios|
2026-02-23 21:19:19.1135|INFO|GadrocsWorkshop.Helios.FontManager|Loaded private font "Helios Virtual Cockpit F/A-18C_Hornet-Up_Front_Controller" for use in Helios|
2026-02-23 21:19:19.1135|INFO|GadrocsWorkshop.Helios.FontManager|Loaded private font "MS 33558 Regular" for use in Helios|
2026-02-23 21:19:22.5977|INFO|GadrocsWorkshop.Helios.LogManager|Starting Editor|
2026-02-23 21:19:22.7869|INFO|GadrocsWorkshop.Helios.DisplayManager|Helios has determined screen DPI is 96|
2026-02-23 21:19:34.3269|ERROR|GadrocsWorkshop.Helios.Windows.ExceptionViewer|Unhandled exception occurred. Helios will exit.|System.Xml.XmlException
Element 'Children' was not found. Line 27, position 12.
   at System.Xml.XmlReader.ReadStartElement(String name)
   at GadrocsWorkshop.Helios.HeliosSerializer.<DeserializeControls>d__11.MoveNext()
   at GadrocsWorkshop.Helios.HeliosSerializer.<DeserializeControl>d__10.MoveNext()
   at GadrocsWorkshop.Helios.HeliosSerializer.<DeserializeControls>d__11.MoveNext()
   at GadrocsWorkshop.Helios.HeliosSerializer.<DeserializeMonitor>d__6.MoveNext()
   at GadrocsWorkshop.Helios.HeliosSerializer.<DeserializeMonitors>d__7.MoveNext()
   at GadrocsWorkshop.Helios.HeliosSerializer.<DeserializeProfile>d__39.MoveNext()
   at GadrocsWorkshop.Helios.ProfileManager.<LoadingWork>d__6.MoveNext()
   at GadrocsWorkshop.Helios.ProfileEditor.MainWindow.LoadProfile(String path, Boolean suppressLayout)
   at GadrocsWorkshop.Helios.ProfileEditor.MainWindow.OpenProfile()
   at System.Windows.Input.CommandBinding.OnExecuted(Object sender, ExecutedRoutedEventArgs e)
   at System.Windows.Input.CommandManager.ExecuteCommandBinding(Object sender, ExecutedRoutedEventArgs e, CommandBinding commandBinding)
   at System.Windows.Input.CommandManager.FindCommandBinding(CommandBindingCollection commandBindings, Object sender, RoutedEventArgs e, ICommand command, Boolean execute)
   at System.Windows.Input.CommandManager.FindCommandBinding(Object sender, RoutedEventArgs e, ICommand command, Boolean execute)
   at System.Windows.Input.CommandManager.OnExecuted(Object sender, ExecutedRoutedEventArgs e)
   at System.Windows.RoutedEventArgs.InvokeHandler(Delegate handler, Object target)
   at System.Windows.RoutedEventHandlerInfo.InvokeHandler(Object target, RoutedEventArgs routedEventArgs)
   at System.Windows.EventRoute.InvokeHandlersImpl(Object source, RoutedEventArgs args, Boolean reRaised)
   at System.Windows.UIElement.RaiseEventImpl(DependencyObject sender, RoutedEventArgs args)
   at System.Windows.Input.RoutedCommand.ExecuteImpl(Object parameter, IInputElement target, Boolean userInitiated)
   at MS.Internal.Commands.CommandHelpers.CriticalExecuteCommandSource(ICommandSource commandSource, Boolean userInitiated)
   at System.Windows.Controls.MenuItem.InvokeClickAfterRender(Object arg)
   at System.Windows.Threading.ExceptionWrapper.InternalRealCall(Delegate callback, Object args, Int32 numArgs)
   at System.Windows.Threading.ExceptionWrapper.TryCatchWhen(Object source, Delegate callback, Object args, Int32 numArgs, Delegate catchHandler)
